{"D:\\code\\otherProjects\\19_Karpathy-AI+Obsidian知识库\\karpathy-wiki\\frontend\\src\\composables\\usePermission.ts": {"path":"D:\\code\\otherProjects\\19_Karpathy-AI+Obsidian知识库\\karpathy-wiki\\frontend\\src\\composables\\usePermission.ts","all":false,"statementMap":{"0":{"start":{"line":1,"column":0},"end":{"line":1,"column":31}},"1":{"start":{"line":2,"column":0},"end":{"line":2,"column":46}},"2":{"start":{"line":3,"column":0},"end":{"line":3,"column":47}},"3":{"start":{"line":4,"column":0},"end":{"line":4,"column":0}},"4":{"start":{"line":5,"column":0},"end":{"line":5,"column":12}},"5":{"start":{"line":6,"column":0},"end":{"line":6,"column":34}},"6":{"start":{"line":7,"column":0},"end":{"line":7,"column":63}},"7":{"start":{"line":8,"column":0},"end":{"line":8,"column":2}},"8":{"start":{"line":9,"column":0},"end":{"line":9,"column":8}},"9":{"start":{"line":10,"column":0},"end":{"line":10,"column":62}},"10":{"start":{"line":11,"column":0},"end":{"line":11,"column":41}},"11":{"start":{"line":12,"column":0},"end":{"line":12,"column":0}},"12":{"start":{"line":13,"column":0},"end":{"line":13,"column":33}},"13":{"start":{"line":14,"column":0},"end":{"line":14,"column":35}},"14":{"start":{"line":15,"column":0},"end":{"line":15,"column":0}},"15":{"start":{"line":16,"column":0},"end":{"line":16,"column":10}},"16":{"start":{"line":17,"column":0},"end":{"line":17,"column":58}},"17":{"start":{"line":18,"column":0},"end":{"line":18,"column":0}},"18":{"start":{"line":19,"column":0},"end":{"line":19,"column":11}},"19":{"start":{"line":20,"column":0},"end":{"line":20,"column":52}},"20":{"start":{"line":21,"column":0},"end":{"line":21,"column":0}},"21":{"start":{"line":22,"column":0},"end":{"line":22,"column":10}},"22":{"start":{"line":23,"column":0},"end":{"line":23,"column":52}},"23":{"start":{"line":24,"column":0},"end":{"line":24,"column":0}},"24":{"start":{"line":25,"column":0},"end":{"line":25,"column":10}},"25":{"start":{"line":26,"column":0},"end":{"line":26,"column":66}},"26":{"start":{"line":27,"column":0},"end":{"line":27,"column":0}},"27":{"start":{"line":28,"column":0},"end":{"line":28,"column":9}},"28":{"start":{"line":29,"column":0},"end":{"line":29,"column":46}},"29":{"start":{"line":30,"column":0},"end":{"line":30,"column":0}},"30":{"start":{"line":31,"column":0},"end":{"line":31,"column":11}},"31":{"start":{"line":32,"column":0},"end":{"line":32,"column":60}},"32":{"start":{"line":33,"column":0},"end":{"line":33,"column":0}},"33":{"start":{"line":34,"column":0},"end":{"line":34,"column":15}},"34":{"start":{"line":35,"column":0},"end":{"line":35,"column":57}},"35":{"start":{"line":36,"column":0},"end":{"line":36,"column":47}},"36":{"start":{"line":37,"column":0},"end":{"line":37,"column":3}},"37":{"start":{"line":38,"column":0},"end":{"line":38,"column":0}},"38":{"start":{"line":39,"column":0},"end":{"line":39,"column":22}},"39":{"start":{"line":40,"column":0},"end":{"line":40,"column":57}},"40":{"start":{"line":41,"column":0},"end":{"line":41,"column":45}},"41":{"start":{"line":42,"column":0},"end":{"line":42,"column":3}},"42":{"start":{"line":43,"column":0},"end":{"line":43,"column":0}},"43":{"start":{"line":44,"column":0},"end":{"line":44,"column":23}},"44":{"start":{"line":45,"column":0},"end":{"line":45,"column":57}},"45":{"start":{"line":46,"column":0},"end":{"line":46,"column":46}},"46":{"start":{"line":47,"column":0},"end":{"line":47,"column":3}},"47":{"start":{"line":48,"column":0},"end":{"line":48,"column":0}},"48":{"start":{"line":49,"column":0},"end":{"line":49,"column":34}},"49":{"start":{"line":50,"column":0},"end":{"line":50,"column":23}},"50":{"start":{"line":51,"column":0},"end":{"line":51,"column":83}},"51":{"start":{"line":52,"column":0},"end":{"line":52,"column":47}},"52":{"start":{"line":53,"column":0},"end":{"line":53,"column":3}},"53":{"start":{"line":54,"column":0},"end":{"line":54,"column":0}},"54":{"start":{"line":55,"column":0},"end":{"line":55,"column":10}},"55":{"start":{"line":56,"column":0},"end":{"line":56,"column":15}},"56":{"start":{"line":57,"column":0},"end":{"line":57,"column":12}},"57":{"start":{"line":58,"column":0},"end":{"line":58,"column":12}},"58":{"start":{"line":59,"column":0},"end":{"line":59,"column":13}},"59":{"start":{"line":60,"column":0},"end":{"line":60,"column":9}},"60":{"start":{"line":61,"column":0},"end":{"line":61,"column":16}},"61":{"start":{"line":62,"column":0},"end":{"line":62,"column":12}},"62":{"start":{"line":63,"column":0},"end":{"line":63,"column":15}},"63":{"start":{"line":64,"column":0},"end":{"line":64,"column":15}},"64":{"start":{"line":65,"column":0},"end":{"line":65,"column":23}},"65":{"start":{"line":66,"column":0},"end":{"line":66,"column":4}},"66":{"start":{"line":67,"column":0},"end":{"line":67,"column":1}}},"s":{"0":1,"1":1,"2":1,"3":1,"4":1,"5":1,"6":1,"7":1,"8":1,"9":1,"10":1,"11":1,"12":1,"13":38,"14":38,"15":38,"16":38,"17":38,"18":38,"19":38,"20":38,"21":38,"22":38,"23":38,"24":38,"25":38,"26":38,"27":38,"28":38,"29":38,"30":38,"31":38,"32":38,"33":38,"34":38,"35":36,"36":36,"37":38,"38":38,"39":38,"40":3,"41":3,"42":38,"43":38,"44":38,"45":3,"46":3,"47":38,"48":38,"49":38,"50":38,"51":6,"52":6,"53":38,"54":38,"55":38,"56":38,"57":38,"58":38,"59":38,"60":38,"61":38,"62":38,"63":38,"64":38,"65":38,"66":38},"branchMap":{"0":{"type":"branch","line":13,"loc":{"start":{"line":13,"column":7},"end":{"line":67,"column":1}},"locations":[{"start":{"line":13,"column":7},"end":{"line":67,"column":1}}]},"1":{"type":"branch","line":17,"loc":{"start":{"line":17,"column":30},"end":{"line":17,"column":56}},"locations":[{"start":{"line":17,"column":30},"end":{"line":17,"column":56}}]},"2":{"type":"branch","line":20,"loc":{"start":{"line":20,"column":27},"end":{"line":20,"column":50}},"locations":[{"start":{"line":20,"column":27},"end":{"line":20,"column":50}}]},"3":{"type":"branch","line":23,"loc":{"start":{"line":23,"column":27},"end":{"line":23,"column":50}},"locations":[{"start":{"line":23,"column":27},"end":{"line":23,"column":50}}]},"4":{"type":"branch","line":26,"loc":{"start":{"line":26,"column":28},"end":{"line":26,"column":64}},"locations":[{"start":{"line":26,"column":28},"end":{"line":26,"column":64}}]},"5":{"type":"branch","line":26,"loc":{"start":{"line":26,"column":44},"end":{"line":26,"column":62}},"locations":[{"start":{"line":26,"column":44},"end":{"line":26,"column":62}}]},"6":{"type":"branch","line":26,"loc":{"start":{"line":26,"column":50},"end":{"line":26,"column":64}},"locations":[{"start":{"line":26,"column":50},"end":{"line":26,"column":64}}]},"7":{"type":"branch","line":29,"loc":{"start":{"line":29,"column":24},"end":{"line":29,"column":44}},"locations":[{"start":{"line":29,"column":24},"end":{"line":29,"column":44}}]},"8":{"type":"branch","line":32,"loc":{"start":{"line":32,"column":31},"end":{"line":32,"column":58}},"locations":[{"start":{"line":32,"column":31},"end":{"line":32,"column":58}}]},"9":{"type":"branch","line":35,"loc":{"start":{"line":35,"column":2},"end":{"line":37,"column":3}},"locations":[{"start":{"line":35,"column":2},"end":{"line":37,"column":3}}]},"10":{"type":"branch","line":40,"loc":{"start":{"line":40,"column":2},"end":{"line":42,"column":3}},"locations":[{"start":{"line":40,"column":2},"end":{"line":42,"column":3}}]},"11":{"type":"branch","line":45,"loc":{"start":{"line":45,"column":2},"end":{"line":47,"column":3}},"locations":[{"start":{"line":45,"column":2},"end":{"line":47,"column":3}}]},"12":{"type":"branch","line":51,"loc":{"start":{"line":51,"column":2},"end":{"line":53,"column":3}},"locations":[{"start":{"line":51,"column":2},"end":{"line":53,"column":3}}]},"13":{"type":"branch","line":52,"loc":{"start":{"line":52,"column":24},"end":{"line":52,"column":45}},"locations":[{"start":{"line":52,"column":24},"end":{"line":52,"column":45}}]}},"b":{"0":[38],"1":[5],"2":[5],"3":[4],"4":[3],"5":[2],"6":[1],"7":[3],"8":[1],"9":[36],"10":[3],"11":[3],"12":[6],"13":[15]},"fnMap":{"0":{"name":"usePermission","decl":{"start":{"line":13,"column":7},"end":{"line":67,"column":1}},"loc":{"start":{"line":13,"column":7},"end":{"line":67,"column":1}},"line":13},"1":{"name":"canView","decl":{"start":{"line":35,"column":2},"end":{"line":37,"column":3}},"loc":{"start":{"line":35,"column":2},"end":{"line":37,"column":3}},"line":35},"2":{"name":"canViewAny","decl":{"start":{"line":40,"column":2},"end":{"line":42,"column":3}},"loc":{"start":{"line":40,"column":2},"end":{"line":42,"column":3}},"line":40},"3":{"name":"canViewAll","decl":{"start":{"line":45,"column":2},"end":{"line":47,"column":3}},"loc":{"start":{"line":45,"column":2},"end":{"line":47,"column":3}},"line":45},"4":{"name":"filterVisibleMenus","decl":{"start":{"line":51,"column":2},"end":{"line":53,"column":3}},"loc":{"start":{"line":51,"column":2},"end":{"line":53,"column":3}},"line":51}},"f":{"0":38,"1":36,"2":3,"3":3,"4":6}}
,"D:\\code\\otherProjects\\19_Karpathy-AI+Obsidian知识库\\karpathy-wiki\\frontend\\src\\stores\\auth.ts": {"path":"D:\\code\\otherProjects\\19_Karpathy-AI+Obsidian知识库\\karpathy-wiki\\frontend\\src\\stores\\auth.ts","all":false,"statementMap":{"0":{"start":{"line":1,"column":0},"end":{"line":1,"column":36}},"1":{"start":{"line":2,"column":0},"end":{"line":2,"column":36}},"2":{"start":{"line":3,"column":0},"end":{"line":3,"column":134}},"3":{"start":{"line":4,"column":0},"end":{"line":4,"column":56}},"4":{"start":{"line":5,"column":0},"end":{"line":5,"column":0}},"5":{"start":{"line":6,"column":0},"end":{"line":6,"column":15}},"6":{"start":{"line":7,"column":0},"end":{"line":7,"column":6}},"7":{"start":{"line":8,"column":0},"end":{"line":8,"column":30}},"8":{"start":{"line":9,"column":0},"end":{"line":9,"column":38}},"9":{"start":{"line":10,"column":0},"end":{"line":10,"column":18}},"10":{"start":{"line":11,"column":0},"end":{"line":11,"column":20}},"11":{"start":{"line":12,"column":0},"end":{"line":12,"column":2}},"12":{"start":{"line":13,"column":0},"end":{"line":13,"column":43}},"13":{"start":{"line":14,"column":0},"end":{"line":14,"column":43}},"14":{"start":{"line":15,"column":0},"end":{"line":15,"column":40}},"15":{"start":{"line":16,"column":0},"end":{"line":16,"column":0}},"16":{"start":{"line":17,"column":0},"end":{"line":17,"column":55}},"17":{"start":{"line":18,"column":0},"end":{"line":18,"column":37}},"18":{"start":{"line":19,"column":0},"end":{"line":19,"column":59}},"19":{"start":{"line":20,"column":0},"end":{"line":20,"column":22}},"20":{"start":{"line":21,"column":0},"end":{"line":21,"column":42}},"21":{"start":{"line":22,"column":0},"end":{"line":22,"column":25}},"22":{"start":{"line":23,"column":0},"end":{"line":23,"column":33}},"23":{"start":{"line":24,"column":0},"end":{"line":24,"column":17}},"24":{"start":{"line":25,"column":0},"end":{"line":25,"column":24}},"25":{"start":{"line":26,"column":0},"end":{"line":26,"column":0}},"26":{"start":{"line":27,"column":0},"end":{"line":27,"column":21}},"27":{"start":{"line":28,"column":0},"end":{"line":28,"column":0}},"28":{"start":{"line":29,"column":0},"end":{"line":29,"column":10}},"29":{"start":{"line":30,"column":0},"end":{"line":30,"column":67}},"30":{"start":{"line":31,"column":0},"end":{"line":31,"column":0}},"31":{"start":{"line":32,"column":0},"end":{"line":32,"column":23}},"32":{"start":{"line":33,"column":0},"end":{"line":33,"column":73}},"33":{"start":{"line":34,"column":0},"end":{"line":34,"column":0}},"34":{"start":{"line":35,"column":0},"end":{"line":35,"column":23}},"35":{"start":{"line":36,"column":0},"end":{"line":36,"column":86}},"36":{"start":{"line":37,"column":0},"end":{"line":37,"column":0}},"37":{"start":{"line":38,"column":0},"end":{"line":38,"column":11}},"38":{"start":{"line":39,"column":0},"end":{"line":39,"column":57}},"39":{"start":{"line":40,"column":0},"end":{"line":40,"column":0}},"40":{"start":{"line":41,"column":0},"end":{"line":41,"column":25}},"41":{"start":{"line":42,"column":0},"end":{"line":42,"column":28}},"42":{"start":{"line":43,"column":0},"end":{"line":43,"column":78}},"43":{"start":{"line":44,"column":0},"end":{"line":44,"column":0}},"44":{"start":{"line":45,"column":0},"end":{"line":45,"column":22}},"45":{"start":{"line":46,"column":0},"end":{"line":46,"column":0}},"46":{"start":{"line":47,"column":0},"end":{"line":47,"column":50}},"47":{"start":{"line":48,"column":0},"end":{"line":48,"column":65}},"48":{"start":{"line":49,"column":0},"end":{"line":49,"column":26}},"49":{"start":{"line":50,"column":0},"end":{"line":50,"column":3}},"50":{"start":{"line":51,"column":0},"end":{"line":51,"column":0}},"51":{"start":{"line":52,"column":0},"end":{"line":52,"column":46}},"52":{"start":{"line":53,"column":0},"end":{"line":53,"column":9}},"53":{"start":{"line":54,"column":0},"end":{"line":54,"column":14}},"54":{"start":{"line":55,"column":0},"end":{"line":55,"column":57}},"55":{"start":{"line":56,"column":0},"end":{"line":56,"column":14}},"56":{"start":{"line":57,"column":0},"end":{"line":57,"column":57}},"57":{"start":{"line":58,"column":0},"end":{"line":58,"column":7}},"58":{"start":{"line":59,"column":0},"end":{"line":59,"column":13}},"59":{"start":{"line":60,"column":0},"end":{"line":60,"column":33}},"60":{"start":{"line":61,"column":0},"end":{"line":61,"column":5}},"61":{"start":{"line":62,"column":0},"end":{"line":62,"column":3}},"62":{"start":{"line":63,"column":0},"end":{"line":63,"column":0}},"63":{"start":{"line":64,"column":0},"end":{"line":64,"column":49}},"64":{"start":{"line":65,"column":0},"end":{"line":65,"column":0}},"65":{"start":{"line":66,"column":0},"end":{"line":66,"column":23}},"66":{"start":{"line":67,"column":0},"end":{"line":67,"column":31}},"67":{"start":{"line":68,"column":0},"end":{"line":68,"column":86}},"68":{"start":{"line":69,"column":0},"end":{"line":69,"column":46}},"69":{"start":{"line":70,"column":0},"end":{"line":70,"column":22}},"70":{"start":{"line":71,"column":0},"end":{"line":71,"column":60}},"71":{"start":{"line":72,"column":0},"end":{"line":72,"column":5}},"72":{"start":{"line":73,"column":0},"end":{"line":73,"column":53}},"73":{"start":{"line":74,"column":0},"end":{"line":74,"column":52}},"74":{"start":{"line":75,"column":0},"end":{"line":75,"column":54}},"75":{"start":{"line":76,"column":0},"end":{"line":76,"column":5}},"76":{"start":{"line":77,"column":0},"end":{"line":77,"column":62}},"77":{"start":{"line":78,"column":0},"end":{"line":78,"column":0}},"78":{"start":{"line":79,"column":0},"end":{"line":79,"column":28}},"79":{"start":{"line":80,"column":0},"end":{"line":80,"column":49}},"80":{"start":{"line":81,"column":0},"end":{"line":81,"column":40}},"81":{"start":{"line":82,"column":0},"end":{"line":82,"column":18}},"82":{"start":{"line":83,"column":0},"end":{"line":83,"column":5}},"83":{"start":{"line":84,"column":0},"end":{"line":84,"column":20}},"84":{"start":{"line":85,"column":0},"end":{"line":85,"column":3}},"85":{"start":{"line":86,"column":0},"end":{"line":86,"column":0}},"86":{"start":{"line":87,"column":0},"end":{"line":87,"column":21}},"87":{"start":{"line":88,"column":0},"end":{"line":88,"column":0}},"88":{"start":{"line":89,"column":0},"end":{"line":89,"column":7}},"89":{"start":{"line":90,"column":0},"end":{"line":90,"column":64}},"90":{"start":{"line":91,"column":0},"end":{"line":91,"column":21}},"91":{"start":{"line":92,"column":0},"end":{"line":92,"column":9}},"92":{"start":{"line":93,"column":0},"end":{"line":93,"column":50}},"93":{"start":{"line":94,"column":0},"end":{"line":94,"column":23}},"94":{"start":{"line":95,"column":0},"end":{"line":95,"column":56}},"95":{"start":{"line":96,"column":0},"end":{"line":96,"column":37}},"96":{"start":{"line":97,"column":0},"end":{"line":97,"column":9}},"97":{"start":{"line":98,"column":0},"end":{"line":98,"column":53}},"98":{"start":{"line":99,"column":0},"end":{"line":99,"column":32}},"99":{"start":{"line":100,"column":0},"end":{"line":100,"column":65}},"100":{"start":{"line":101,"column":0},"end":{"line":101,"column":21}},"101":{"start":{"line":102,"column":0},"end":{"line":102,"column":7}},"102":{"start":{"line":103,"column":0},"end":{"line":103,"column":36}},"103":{"start":{"line":104,"column":0},"end":{"line":104,"column":33}},"104":{"start":{"line":105,"column":0},"end":{"line":105,"column":31}},"105":{"start":{"line":106,"column":0},"end":{"line":106,"column":30}},"106":{"start":{"line":107,"column":0},"end":{"line":107,"column":20}},"107":{"start":{"line":108,"column":0},"end":{"line":108,"column":7}},"108":{"start":{"line":109,"column":0},"end":{"line":109,"column":41}},"109":{"start":{"line":110,"column":0},"end":{"line":110,"column":19}},"110":{"start":{"line":111,"column":0},"end":{"line":111,"column":19}},"111":{"start":{"line":112,"column":0},"end":{"line":112,"column":69}},"112":{"start":{"line":113,"column":0},"end":{"line":113,"column":19}},"113":{"start":{"line":114,"column":0},"end":{"line":114,"column":5}},"114":{"start":{"line":115,"column":0},"end":{"line":115,"column":3}},"115":{"start":{"line":116,"column":0},"end":{"line":116,"column":0}},"116":{"start":{"line":117,"column":0},"end":{"line":117,"column":7}},"117":{"start":{"line":118,"column":0},"end":{"line":118,"column":42}},"118":{"start":{"line":119,"column":0},"end":{"line":119,"column":23}},"119":{"start":{"line":120,"column":0},"end":{"line":120,"column":18}},"120":{"start":{"line":121,"column":0},"end":{"line":121,"column":13}},"121":{"start":{"line":122,"column":0},"end":{"line":122,"column":5}},"122":{"start":{"line":123,"column":0},"end":{"line":123,"column":9}},"123":{"start":{"line":124,"column":0},"end":{"line":124,"column":62}},"124":{"start":{"line":125,"column":0},"end":{"line":125,"column":13}},"125":{"start":{"line":126,"column":0},"end":{"line":126,"column":21}},"126":{"start":{"line":127,"column":0},"end":{"line":127,"column":15}},"127":{"start":{"line":128,"column":0},"end":{"line":128,"column":18}},"128":{"start":{"line":129,"column":0},"end":{"line":129,"column":5}},"129":{"start":{"line":130,"column":0},"end":{"line":130,"column":3}},"130":{"start":{"line":131,"column":0},"end":{"line":131,"column":0}},"131":{"start":{"line":132,"column":0},"end":{"line":132,"column":22}},"132":{"start":{"line":133,"column":0},"end":{"line":133,"column":30}},"133":{"start":{"line":134,"column":0},"end":{"line":134,"column":23}},"134":{"start":{"line":135,"column":0},"end":{"line":135,"column":22}},"135":{"start":{"line":136,"column":0},"end":{"line":136,"column":20}},"136":{"start":{"line":137,"column":0},"end":{"line":137,"column":3}},"137":{"start":{"line":138,"column":0},"end":{"line":138,"column":0}},"138":{"start":{"line":139,"column":0},"end":{"line":139,"column":46}},"139":{"start":{"line":140,"column":0},"end":{"line":140,"column":38}},"140":{"start":{"line":141,"column":0},"end":{"line":141,"column":53}},"141":{"start":{"line":142,"column":0},"end":{"line":142,"column":23}},"142":{"start":{"line":143,"column":0},"end":{"line":143,"column":31}},"143":{"start":{"line":144,"column":0},"end":{"line":144,"column":19}},"144":{"start":{"line":145,"column":0},"end":{"line":145,"column":5}},"145":{"start":{"line":146,"column":0},"end":{"line":146,"column":9}},"146":{"start":{"line":147,"column":0},"end":{"line":147,"column":50}},"147":{"start":{"line":148,"column":0},"end":{"line":148,"column":20}},"148":{"start":{"line":149,"column":0},"end":{"line":149,"column":19}},"149":{"start":{"line":150,"column":0},"end":{"line":150,"column":20}},"150":{"start":{"line":151,"column":0},"end":{"line":151,"column":33}},"151":{"start":{"line":152,"column":0},"end":{"line":152,"column":21}},"152":{"start":{"line":153,"column":0},"end":{"line":153,"column":7}},"153":{"start":{"line":154,"column":0},"end":{"line":154,"column":48}},"154":{"start":{"line":155,"column":0},"end":{"line":155,"column":31}},"155":{"start":{"line":156,"column":0},"end":{"line":156,"column":18}},"156":{"start":{"line":157,"column":0},"end":{"line":157,"column":13}},"157":{"start":{"line":158,"column":0},"end":{"line":158,"column":30}},"158":{"start":{"line":159,"column":0},"end":{"line":159,"column":31}},"159":{"start":{"line":160,"column":0},"end":{"line":160,"column":19}},"160":{"start":{"line":161,"column":0},"end":{"line":161,"column":5}},"161":{"start":{"line":162,"column":0},"end":{"line":162,"column":3}},"162":{"start":{"line":163,"column":0},"end":{"line":163,"column":0}},"163":{"start":{"line":164,"column":0},"end":{"line":164,"column":23}},"164":{"start":{"line":165,"column":0},"end":{"line":165,"column":0}},"165":{"start":{"line":166,"column":0},"end":{"line":166,"column":19}},"166":{"start":{"line":167,"column":0},"end":{"line":167,"column":63}},"167":{"start":{"line":168,"column":0},"end":{"line":168,"column":50}},"168":{"start":{"line":169,"column":0},"end":{"line":169,"column":3}},"169":{"start":{"line":170,"column":0},"end":{"line":170,"column":0}},"170":{"start":{"line":171,"column":0},"end":{"line":171,"column":26}},"171":{"start":{"line":172,"column":0},"end":{"line":172,"column":63}},"172":{"start":{"line":173,"column":0},"end":{"line":173,"column":47}},"173":{"start":{"line":174,"column":0},"end":{"line":174,"column":3}},"174":{"start":{"line":175,"column":0},"end":{"line":175,"column":0}},"175":{"start":{"line":176,"column":0},"end":{"line":176,"column":27}},"176":{"start":{"line":177,"column":0},"end":{"line":177,"column":64}},"177":{"start":{"line":178,"column":0},"end":{"line":178,"column":48}},"178":{"start":{"line":179,"column":0},"end":{"line":179,"column":3}},"179":{"start":{"line":180,"column":0},"end":{"line":180,"column":0}},"180":{"start":{"line":181,"column":0},"end":{"line":181,"column":30}},"181":{"start":{"line":182,"column":0},"end":{"line":182,"column":0}},"182":{"start":{"line":183,"column":0},"end":{"line":183,"column":11}},"183":{"start":{"line":184,"column":0},"end":{"line":184,"column":58}},"184":{"start":{"line":185,"column":0},"end":{"line":185,"column":36}},"185":{"start":{"line":186,"column":0},"end":{"line":186,"column":51}},"186":{"start":{"line":187,"column":0},"end":{"line":187,"column":29}},"187":{"start":{"line":188,"column":0},"end":{"line":188,"column":59}},"188":{"start":{"line":189,"column":0},"end":{"line":189,"column":22}},"189":{"start":{"line":190,"column":0},"end":{"line":190,"column":3}},"190":{"start":{"line":191,"column":0},"end":{"line":191,"column":0}},"191":{"start":{"line":192,"column":0},"end":{"line":192,"column":9}},"192":{"start":{"line":193,"column":0},"end":{"line":193,"column":82}},"193":{"start":{"line":194,"column":0},"end":{"line":194,"column":36}},"194":{"start":{"line":195,"column":0},"end":{"line":195,"column":52}},"195":{"start":{"line":196,"column":0},"end":{"line":196,"column":21}},"196":{"start":{"line":197,"column":0},"end":{"line":197,"column":35}},"197":{"start":{"line":198,"column":0},"end":{"line":198,"column":7}},"198":{"start":{"line":199,"column":0},"end":{"line":199,"column":29}},"199":{"start":{"line":200,"column":0},"end":{"line":200,"column":40}},"200":{"start":{"line":201,"column":0},"end":{"line":201,"column":3}},"201":{"start":{"line":202,"column":0},"end":{"line":202,"column":0}},"202":{"start":{"line":203,"column":0},"end":{"line":203,"column":9}},"203":{"start":{"line":204,"column":0},"end":{"line":204,"column":94}},"204":{"start":{"line":205,"column":0},"end":{"line":205,"column":36}},"205":{"start":{"line":206,"column":0},"end":{"line":206,"column":58}},"206":{"start":{"line":207,"column":0},"end":{"line":207,"column":20}},"207":{"start":{"line":208,"column":0},"end":{"line":208,"column":35}},"208":{"start":{"line":209,"column":0},"end":{"line":209,"column":7}},"209":{"start":{"line":210,"column":0},"end":{"line":210,"column":29}},"210":{"start":{"line":211,"column":0},"end":{"line":211,"column":40}},"211":{"start":{"line":212,"column":0},"end":{"line":212,"column":3}},"212":{"start":{"line":213,"column":0},"end":{"line":213,"column":0}},"213":{"start":{"line":214,"column":0},"end":{"line":214,"column":9}},"214":{"start":{"line":215,"column":0},"end":{"line":215,"column":59}},"215":{"start":{"line":216,"column":0},"end":{"line":216,"column":37}},"216":{"start":{"line":217,"column":0},"end":{"line":217,"column":79}},"217":{"start":{"line":218,"column":0},"end":{"line":218,"column":18}},"218":{"start":{"line":219,"column":0},"end":{"line":219,"column":3}},"219":{"start":{"line":220,"column":0},"end":{"line":220,"column":0}},"220":{"start":{"line":221,"column":0},"end":{"line":221,"column":10}},"221":{"start":{"line":222,"column":0},"end":{"line":222,"column":9}},"222":{"start":{"line":223,"column":0},"end":{"line":223,"column":10}},"223":{"start":{"line":224,"column":0},"end":{"line":224,"column":9}},"224":{"start":{"line":225,"column":0},"end":{"line":225,"column":16}},"225":{"start":{"line":226,"column":0},"end":{"line":226,"column":10}},"226":{"start":{"line":227,"column":0},"end":{"line":227,"column":11}},"227":{"start":{"line":228,"column":0},"end":{"line":228,"column":15}},"228":{"start":{"line":229,"column":0},"end":{"line":229,"column":9}},"229":{"start":{"line":230,"column":0},"end":{"line":230,"column":16}},"230":{"start":{"line":231,"column":0},"end":{"line":231,"column":12}},"231":{"start":{"line":232,"column":0},"end":{"line":232,"column":12}},"232":{"start":{"line":233,"column":0},"end":{"line":233,"column":11}},"233":{"start":{"line":234,"column":0},"end":{"line":234,"column":14}},"234":{"start":{"line":235,"column":0},"end":{"line":235,"column":11}},"235":{"start":{"line":236,"column":0},"end":{"line":236,"column":10}},"236":{"start":{"line":237,"column":0},"end":{"line":237,"column":11}},"237":{"start":{"line":238,"column":0},"end":{"line":238,"column":19}},"238":{"start":{"line":239,"column":0},"end":{"line":239,"column":14}},"239":{"start":{"line":240,"column":0},"end":{"line":240,"column":11}},"240":{"start":{"line":241,"column":0},"end":{"line":241,"column":18}},"241":{"start":{"line":242,"column":0},"end":{"line":242,"column":21}},"242":{"start":{"line":243,"column":0},"end":{"line":243,"column":22}},"243":{"start":{"line":244,"column":0},"end":{"line":244,"column":11}},"244":{"start":{"line":245,"column":0},"end":{"line":245,"column":14}},"245":{"start":{"line":246,"column":0},"end":{"line":246,"column":15}},"246":{"start":{"line":247,"column":0},"end":{"line":247,"column":15}},"247":{"start":{"line":248,"column":0},"end":{"line":248,"column":15}},"248":{"start":{"line":249,"column":0},"end":{"line":249,"column":4}},"249":{"start":{"line":250,"column":0},"end":{"line":250,"column":3}}},"s":{"0":1,"1":1,"2":1,"3":1,"4":1,"5":1,"6":1,"7":1,"8":1,"9":1,"10":1,"11":1,"12":1,"13":1,"14":1,"15":1,"16":1,"17":68,"18":68,"19":68,"20":68,"21":68,"22":68,"23":68,"24":68,"25":68,"26":68,"27":68,"28":68,"29":68,"30":68,"31":68,"32":68,"33":68,"34":68,"35":68,"36":68,"37":68,"38":68,"39":68,"40":68,"41":68,"42":68,"43":68,"44":68,"45":68,"46":68,"47":68,"48":0,"49":68,"50":68,"51":68,"52":12,"53":12,"54":4,"55":12,"56":8,"57":8,"58":12,"59":0,"60":0,"61":12,"62":68,"63":68,"64":68,"65":68,"66":68,"67":68,"68":11,"69":11,"70":9,"71":9,"72":11,"73":11,"74":2,"75":2,"76":11,"77":9,"78":9,"79":11,"80":2,"81":2,"82":2,"83":9,"84":11,"85":68,"86":68,"87":68,"88":68,"89":68,"90":7,"91":7,"92":7,"93":7,"94":7,"95":7,"96":7,"97":6,"98":7,"99":1,"100":1,"101":1,"102":7,"103":4,"104":4,"105":4,"106":4,"107":4,"108":1,"109":1,"110":1,"111":1,"112":1,"113":1,"114":7,"115":68,"116":68,"117":68,"118":3,"119":1,"120":1,"121":1,"122":2,"123":2,"124":1,"125":1,"126":3,"127":2,"128":2,"129":3,"130":68,"131":68,"132":68,"133":8,"134":8,"135":8,"136":8,"137":68,"138":68,"139":68,"140":68,"141":4,"142":1,"143":1,"144":1,"145":3,"146":3,"147":4,"148":1,"149":1,"150":1,"151":1,"152":1,"153":1,"154":1,"155":1,"156":1,"157":1,"158":1,"159":1,"160":1,"161":4,"162":68,"163":68,"164":68,"165":68,"166":68,"167":58,"168":58,"169":68,"170":68,"171":68,"172":5,"173":5,"174":68,"175":68,"176":68,"177":5,"178":5,"179":68,"180":68,"181":68,"182":68,"183":68,"184":2,"185":1,"186":2,"187":1,"188":1,"189":2,"190":68,"191":68,"192":68,"193":2,"194":1,"195":1,"196":1,"197":1,"198":2,"199":1,"200":2,"201":68,"202":68,"203":68,"204":0,"205":0,"206":0,"207":0,"208":0,"209":0,"210":0,"211":0,"212":68,"213":68,"214":68,"215":1,"216":0,"217":0,"218":1,"219":68,"220":68,"221":68,"222":68,"223":68,"224":68,"225":68,"226":68,"227":68,"228":68,"229":68,"230":68,"231":68,"232":68,"233":68,"234":68,"235":68,"236":68,"237":68,"238":68,"239":68,"240":68,"241":68,"242":68,"243":68,"244":68,"245":68,"246":68,"247":68,"248":68,"249":68},"branchMap":{"0":{"type":"branch","line":17,"loc":{"start":{"line":17,"column":48},"end":{"line":250,"column":3}},"locations":[{"start":{"line":17,"column":48},"end":{"line":250,"column":3}}]},"1":{"type":"branch","line":30,"loc":{"start":{"line":30,"column":30},"end":{"line":30,"column":65}},"locations":[{"start":{"line":30,"column":30},"end":{"line":30,"column":65}}]},"2":{"type":"branch","line":30,"loc":{"start":{"line":30,"column":44},"end":{"line":30,"column":65}},"locations":[{"start":{"line":30,"column":44},"end":{"line":30,"column":65}}]},"3":{"type":"branch","line":33,"loc":{"start":{"line":33,"column":41},"end":{"line":33,"column":71}},"locations":[{"start":{"line":33,"column":41},"end":{"line":33,"column":71}}]},"4":{"type":"branch","line":33,"loc":{"start":{"line":33,"column":52},"end":{"line":33,"column":67}},"locations":[{"start":{"line":33,"column":52},"end":{"line":33,"column":67}}]},"5":{"type":"branch","line":33,"loc":{"start":{"line":33,"column":59},"end":{"line":33,"column":71}},"locations":[{"start":{"line":33,"column":59},"end":{"line":33,"column":71}}]},"6":{"type":"branch","line":36,"loc":{"start":{"line":36,"column":49},"end":{"line":36,"column":84}},"locations":[{"start":{"line":36,"column":49},"end":{"line":36,"column":84}}]},"7":{"type":"branch","line":36,"loc":{"start":{"line":36,"column":60},"end":{"line":36,"column":82}},"locations":[{"start":{"line":36,"column":60},"end":{"line":36,"column":82}}]},"8":{"type":"branch","line":36,"loc":{"start":{"line":36,"column":67},"end":{"line":36,"column":84}},"locations":[{"start":{"line":36,"column":67},"end":{"line":36,"column":84}}]},"9":{"type":"branch","line":39,"loc":{"start":{"line":39,"column":27},"end":{"line":39,"column":55}},"locations":[{"start":{"line":39,"column":27},"end":{"line":39,"column":55}}]},"10":{"type":"branch","line":43,"loc":{"start":{"line":43,"column":27},"end":{"line":43,"column":76}},"locations":[{"start":{"line":43,"column":27},"end":{"line":43,"column":76}}]},"11":{"type":"branch","line":43,"loc":{"start":{"line":43,"column":48},"end":{"line":43,"column":76}},"locations":[{"start":{"line":43,"column":48},"end":{"line":43,"column":76}}]},"12":{"type":"branch","line":47,"loc":{"start":{"line":47,"column":2},"end":{"line":50,"column":3}},"locations":[{"start":{"line":47,"column":2},"end":{"line":50,"column":3}}]},"13":{"type":"branch","line":48,"loc":{"start":{"line":48,"column":64},"end":{"line":49,"column":26}},"locations":[{"start":{"line":48,"column":64},"end":{"line":49,"column":26}}]},"14":{"type":"branch","line":52,"loc":{"start":{"line":52,"column":2},"end":{"line":62,"column":3}},"locations":[{"start":{"line":52,"column":2},"end":{"line":62,"column":3}}]},"15":{"type":"branch","line":54,"loc":{"start":{"line":54,"column":13},"end":{"line":56,"column":13}},"locations":[{"start":{"line":54,"column":13},"end":{"line":56,"column":13}}]},"16":{"type":"branch","line":56,"loc":{"start":{"line":56,"column":6},"end":{"line":58,"column":7}},"locations":[{"start":{"line":56,"column":6},"end":{"line":58,"column":7}}]},"17":{"type":"branch","line":59,"loc":{"start":{"line":59,"column":4},"end":{"line":61,"column":5}},"locations":[{"start":{"line":59,"column":4},"end":{"line":61,"column":5}}]},"18":{"type":"branch","line":68,"loc":{"start":{"line":68,"column":2},"end":{"line":85,"column":3}},"locations":[{"start":{"line":68,"column":2},"end":{"line":85,"column":3}}]},"19":{"type":"branch","line":70,"loc":{"start":{"line":70,"column":21},"end":{"line":72,"column":5}},"locations":[{"start":{"line":70,"column":21},"end":{"line":72,"column":5}}]},"20":{"type":"branch","line":74,"loc":{"start":{"line":74,"column":51},"end":{"line":76,"column":5}},"locations":[{"start":{"line":74,"column":51},"end":{"line":76,"column":5}}]},"21":{"type":"branch","line":77,"loc":{"start":{"line":77,"column":60},"end":{"line":80,"column":35}},"locations":[{"start":{"line":77,"column":60},"end":{"line":80,"column":35}}]},"22":{"type":"branch","line":80,"loc":{"start":{"line":80,"column":28},"end":{"line":80,"column":48}},"locations":[{"start":{"line":80,"column":28},"end":{"line":80,"column":48}}]},"23":{"type":"branch","line":80,"loc":{"start":{"line":80,"column":48},"end":{"line":83,"column":5}},"locations":[{"start":{"line":80,"column":48},"end":{"line":83,"column":5}}]},"24":{"type":"branch","line":83,"loc":{"start":{"line":83,"column":4},"end":{"line":84,"column":20}},"locations":[{"start":{"line":83,"column":4},"end":{"line":84,"column":20}}]},"25":{"type":"branch","line":90,"loc":{"start":{"line":90,"column":2},"end":{"line":115,"column":3}},"locations":[{"start":{"line":90,"column":2},"end":{"line":115,"column":3}}]},"26":{"type":"branch","line":97,"loc":{"start":{"line":97,"column":7},"end":{"line":99,"column":21}},"locations":[{"start":{"line":97,"column":7},"end":{"line":99,"column":21}}]},"27":{"type":"branch","line":99,"loc":{"start":{"line":99,"column":15},"end":{"line":99,"column":31}},"locations":[{"start":{"line":99,"column":15},"end":{"line":99,"column":31}}]},"28":{"type":"branch","line":99,"loc":{"start":{"line":99,"column":31},"end":{"line":102,"column":7}},"locations":[{"start":{"line":99,"column":31},"end":{"line":102,"column":7}}]},"29":{"type":"branch","line":100,"loc":{"start":{"line":100,"column":27},"end":{"line":100,"column":65}},"locations":[{"start":{"line":100,"column":27},"end":{"line":100,"column":65}}]},"30":{"type":"branch","line":102,"loc":{"start":{"line":102,"column":6},"end":{"line":103,"column":24}},"locations":[{"start":{"line":102,"column":6},"end":{"line":103,"column":24}}]},"31":{"type":"branch","line":103,"loc":{"start":{"line":103,"column":15},"end":{"line":103,"column":35}},"locations":[{"start":{"line":103,"column":15},"end":{"line":103,"column":35}}]},"32":{"type":"branch","line":103,"loc":{"start":{"line":103,"column":35},"end":{"line":108,"column":7}},"locations":[{"start":{"line":103,"column":35},"end":{"line":108,"column":7}}]},"33":{"type":"branch","line":108,"loc":{"start":{"line":108,"column":6},"end":{"line":114,"column":5}},"locations":[{"start":{"line":108,"column":6},"end":{"line":114,"column":5}}]},"34":{"type":"branch","line":112,"loc":{"start":{"line":112,"column":47},"end":{"line":112,"column":69}},"locations":[{"start":{"line":112,"column":47},"end":{"line":112,"column":69}}]},"35":{"type":"branch","line":118,"loc":{"start":{"line":118,"column":2},"end":{"line":130,"column":3}},"locations":[{"start":{"line":118,"column":2},"end":{"line":130,"column":3}}]},"36":{"type":"branch","line":119,"loc":{"start":{"line":119,"column":22},"end":{"line":122,"column":5}},"locations":[{"start":{"line":119,"column":22},"end":{"line":122,"column":5}}]},"37":{"type":"branch","line":122,"loc":{"start":{"line":122,"column":4},"end":{"line":124,"column":62}},"locations":[{"start":{"line":122,"column":4},"end":{"line":124,"column":62}}]},"38":{"type":"branch","line":124,"loc":{"start":{"line":124,"column":60},"end":{"line":127,"column":6}},"locations":[{"start":{"line":124,"column":60},"end":{"line":127,"column":6}}]},"39":{"type":"branch","line":127,"loc":{"start":{"line":127,"column":4},"end":{"line":129,"column":5}},"locations":[{"start":{"line":127,"column":4},"end":{"line":129,"column":5}}]},"40":{"type":"branch","line":133,"loc":{"start":{"line":133,"column":2},"end":{"line":137,"column":3}},"locations":[{"start":{"line":133,"column":2},"end":{"line":137,"column":3}}]},"41":{"type":"branch","line":141,"loc":{"start":{"line":141,"column":2},"end":{"line":162,"column":3}},"locations":[{"start":{"line":141,"column":2},"end":{"line":162,"column":3}}]},"42":{"type":"branch","line":142,"loc":{"start":{"line":142,"column":22},"end":{"line":145,"column":5}},"locations":[{"start":{"line":142,"column":22},"end":{"line":145,"column":5}}]},"43":{"type":"branch","line":145,"loc":{"start":{"line":145,"column":4},"end":{"line":147,"column":50}},"locations":[{"start":{"line":145,"column":4},"end":{"line":147,"column":50}}]},"44":{"type":"branch","line":147,"loc":{"start":{"line":147,"column":48},"end":{"line":148,"column":19}},"locations":[{"start":{"line":147,"column":48},"end":{"line":148,"column":19}}]},"45":{"type":"branch","line":148,"loc":{"start":{"line":148,"column":19},"end":{"line":161,"column":5}},"locations":[{"start":{"line":148,"column":19},"end":{"line":161,"column":5}}]},"46":{"type":"branch","line":167,"loc":{"start":{"line":167,"column":2},"end":{"line":169,"column":3}},"locations":[{"start":{"line":167,"column":2},"end":{"line":169,"column":3}}]},"47":{"type":"branch","line":172,"loc":{"start":{"line":172,"column":2},"end":{"line":174,"column":3}},"locations":[{"start":{"line":172,"column":2},"end":{"line":174,"column":3}}]},"48":{"type":"branch","line":173,"loc":{"start":{"line":173,"column":22},"end":{"line":173,"column":45}},"locations":[{"start":{"line":173,"column":22},"end":{"line":173,"column":45}}]},"49":{"type":"branch","line":177,"loc":{"start":{"line":177,"column":2},"end":{"line":179,"column":3}},"locations":[{"start":{"line":177,"column":2},"end":{"line":179,"column":3}}]},"50":{"type":"branch","line":178,"loc":{"start":{"line":178,"column":23},"end":{"line":178,"column":46}},"locations":[{"start":{"line":178,"column":23},"end":{"line":178,"column":46}}]},"51":{"type":"branch","line":184,"loc":{"start":{"line":184,"column":2},"end":{"line":190,"column":3}},"locations":[{"start":{"line":184,"column":2},"end":{"line":190,"column":3}}]},"52":{"type":"branch","line":185,"loc":{"start":{"line":185,"column":24},"end":{"line":187,"column":24}},"locations":[{"start":{"line":185,"column":24},"end":{"line":187,"column":24}}]},"53":{"type":"branch","line":187,"loc":{"start":{"line":187,"column":17},"end":{"line":187,"column":29}},"locations":[{"start":{"line":187,"column":17},"end":{"line":187,"column":29}}]},"54":{"type":"branch","line":187,"loc":{"start":{"line":187,"column":24},"end":{"line":189,"column":22}},"locations":[{"start":{"line":187,"column":24},"end":{"line":189,"column":22}}]},"55":{"type":"branch","line":193,"loc":{"start":{"line":193,"column":2},"end":{"line":201,"column":3}},"locations":[{"start":{"line":193,"column":2},"end":{"line":201,"column":3}}]},"56":{"type":"branch","line":194,"loc":{"start":{"line":194,"column":24},"end":{"line":199,"column":24}},"locations":[{"start":{"line":194,"column":24},"end":{"line":199,"column":24}}]},"57":{"type":"branch","line":199,"loc":{"start":{"line":199,"column":17},"end":{"line":199,"column":29}},"locations":[{"start":{"line":199,"column":17},"end":{"line":199,"column":29}}]},"58":{"type":"branch","line":199,"loc":{"start":{"line":199,"column":24},"end":{"line":200,"column":40}},"locations":[{"start":{"line":199,"column":24},"end":{"line":200,"column":40}}]},"59":{"type":"branch","line":215,"loc":{"start":{"line":215,"column":2},"end":{"line":219,"column":3}},"locations":[{"start":{"line":215,"column":2},"end":{"line":219,"column":3}}]},"60":{"type":"branch","line":216,"loc":{"start":{"line":216,"column":31},"end":{"line":218,"column":18}},"locations":[{"start":{"line":216,"column":31},"end":{"line":218,"column":18}}]}},"b":{"0":[68],"1":[16],"2":[9],"3":[22],"4":[16],"5":[6],"6":[25],"7":[20],"8":[5],"9":[13],"10":[7],"11":[5],"12":[68],"13":[0],"14":[12],"15":[4],"16":[8],"17":[0],"18":[11],"19":[9],"20":[2],"21":[9],"22":[2],"23":[2],"24":[9],"25":[7],"26":[6],"27":[5],"28":[1],"29":[0],"30":[5],"31":[4],"32":[4],"33":[1],"34":[0],"35":[3],"36":[1],"37":[2],"38":[1],"39":[2],"40":[8],"41":[4],"42":[1],"43":[3],"44":[2],"45":[1],"46":[58],"47":[5],"48":[7],"49":[5],"50":[11],"51":[2],"52":[1],"53":[0],"54":[1],"55":[2],"56":[1],"57":[0],"58":[1],"59":[1],"60":[0]},"fnMap":{"0":{"name":"loadTokenFromStorage","decl":{"start":{"line":47,"column":2},"end":{"line":50,"column":3}},"loc":{"start":{"line":47,"column":2},"end":{"line":50,"column":3}},"line":47},"1":{"name":"saveToken","decl":{"start":{"line":52,"column":2},"end":{"line":62,"column":3}},"loc":{"start":{"line":52,"column":2},"end":{"line":62,"column":3}},"line":52},"2":{"name":"authFetch","decl":{"start":{"line":68,"column":2},"end":{"line":85,"column":3}},"loc":{"start":{"line":68,"column":2},"end":{"line":85,"column":3}},"line":68},"3":{"name":"login","decl":{"start":{"line":90,"column":2},"end":{"line":115,"column":3}},"loc":{"start":{"line":90,"column":2},"end":{"line":115,"column":3}},"line":90},"4":{"name":"logout","decl":{"start":{"line":118,"column":2},"end":{"line":130,"column":3}},"loc":{"start":{"line":118,"column":2},"end":{"line":130,"column":3}},"line":118},"5":{"name":"clearAuth","decl":{"start":{"line":133,"column":2},"end":{"line":137,"column":3}},"loc":{"start":{"line":133,"column":2},"end":{"line":137,"column":3}},"line":133},"6":{"name":"restoreSession","decl":{"start":{"line":141,"column":2},"end":{"line":162,"column":3}},"loc":{"start":{"line":141,"column":2},"end":{"line":162,"column":3}},"line":141},"7":{"name":"hasPermission","decl":{"start":{"line":167,"column":2},"end":{"line":169,"column":3}},"loc":{"start":{"line":167,"column":2},"end":{"line":169,"column":3}},"line":167},"8":{"name":"hasAnyPermission","decl":{"start":{"line":172,"column":2},"end":{"line":174,"column":3}},"loc":{"start":{"line":172,"column":2},"end":{"line":174,"column":3}},"line":172},"9":{"name":"hasAllPermissions","decl":{"start":{"line":177,"column":2},"end":{"line":179,"column":3}},"loc":{"start":{"line":177,"column":2},"end":{"line":179,"column":3}},"line":177},"10":{"name":"listUsers","decl":{"start":{"line":184,"column":2},"end":{"line":190,"column":3}},"loc":{"start":{"line":184,"column":2},"end":{"line":190,"column":3}},"line":184},"11":{"name":"createUser","decl":{"start":{"line":193,"column":2},"end":{"line":201,"column":3}},"loc":{"start":{"line":193,"column":2},"end":{"line":201,"column":3}},"line":193},"12":{"name":"updateUser","decl":{"start":{"line":204,"column":2},"end":{"line":212,"column":3}},"loc":{"start":{"line":204,"column":2},"end":{"line":212,"column":3}},"line":204},"13":{"name":"deleteUser","decl":{"start":{"line":215,"column":2},"end":{"line":219,"column":3}},"loc":{"start":{"line":215,"column":2},"end":{"line":219,"column":3}},"line":215}},"f":{"0":68,"1":12,"2":11,"3":7,"4":3,"5":8,"6":4,"7":58,"8":5,"9":5,"10":2,"11":2,"12":0,"13":1}}
}
