{"D:\\code\\otherProjects\\19_Karpathy-AI+Obsidian知识库\\karpathy-wiki\\api\\src\\auth\\audit-log.ts": {"path":"D:\\code\\otherProjects\\19_Karpathy-AI+Obsidian知识库\\karpathy-wiki\\api\\src\\auth\\audit-log.ts","all":false,"statementMap":{"0":{"start":{"line":1,"column":0},"end":{"line":1,"column":34}},"1":{"start":{"line":2,"column":0},"end":{"line":2,"column":29}},"2":{"start":{"line":3,"column":0},"end":{"line":3,"column":29}},"3":{"start":{"line":4,"column":0},"end":{"line":4,"column":61}},"4":{"start":{"line":5,"column":0},"end":{"line":5,"column":0}},"5":{"start":{"line":6,"column":0},"end":{"line":6,"column":9}},"6":{"start":{"line":7,"column":0},"end":{"line":7,"column":35}},"7":{"start":{"line":8,"column":0},"end":{"line":8,"column":34}},"8":{"start":{"line":9,"column":0},"end":{"line":9,"column":53}},"9":{"start":{"line":10,"column":0},"end":{"line":10,"column":0}},"10":{"start":{"line":11,"column":0},"end":{"line":11,"column":25}},"11":{"start":{"line":12,"column":0},"end":{"line":12,"column":26}},"12":{"start":{"line":13,"column":0},"end":{"line":13,"column":38}},"13":{"start":{"line":14,"column":0},"end":{"line":14,"column":50}},"14":{"start":{"line":15,"column":0},"end":{"line":15,"column":0}},"15":{"start":{"line":16,"column":0},"end":{"line":16,"column":22}},"16":{"start":{"line":17,"column":0},"end":{"line":17,"column":69}},"17":{"start":{"line":18,"column":0},"end":{"line":18,"column":25}},"18":{"start":{"line":19,"column":0},"end":{"line":19,"column":37}},"19":{"start":{"line":20,"column":0},"end":{"line":20,"column":7}},"20":{"start":{"line":21,"column":0},"end":{"line":21,"column":45}},"21":{"start":{"line":22,"column":0},"end":{"line":22,"column":11}},"22":{"start":{"line":23,"column":0},"end":{"line":23,"column":19}},"23":{"start":{"line":24,"column":0},"end":{"line":24,"column":3}},"24":{"start":{"line":25,"column":0},"end":{"line":25,"column":25}},"25":{"start":{"line":26,"column":0},"end":{"line":26,"column":37}},"26":{"start":{"line":27,"column":0},"end":{"line":27,"column":45}},"27":{"start":{"line":28,"column":0},"end":{"line":28,"column":3}},"28":{"start":{"line":29,"column":0},"end":{"line":29,"column":1}},"29":{"start":{"line":30,"column":0},"end":{"line":30,"column":0}},"30":{"start":{"line":31,"column":0},"end":{"line":31,"column":11}},"31":{"start":{"line":32,"column":0},"end":{"line":32,"column":23}},"32":{"start":{"line":33,"column":0},"end":{"line":33,"column":43}},"33":{"start":{"line":34,"column":0},"end":{"line":34,"column":59}},"34":{"start":{"line":35,"column":0},"end":{"line":35,"column":21}},"35":{"start":{"line":36,"column":0},"end":{"line":36,"column":31}},"36":{"start":{"line":37,"column":0},"end":{"line":37,"column":73}},"37":{"start":{"line":38,"column":0},"end":{"line":38,"column":11}},"38":{"start":{"line":39,"column":0},"end":{"line":39,"column":3}},"39":{"start":{"line":40,"column":0},"end":{"line":40,"column":24}},"40":{"start":{"line":41,"column":0},"end":{"line":41,"column":44}},"41":{"start":{"line":42,"column":0},"end":{"line":42,"column":9}},"42":{"start":{"line":43,"column":0},"end":{"line":43,"column":48}},"43":{"start":{"line":44,"column":0},"end":{"line":44,"column":54}},"44":{"start":{"line":45,"column":0},"end":{"line":45,"column":19}},"45":{"start":{"line":46,"column":0},"end":{"line":46,"column":46}},"46":{"start":{"line":47,"column":0},"end":{"line":47,"column":5}},"47":{"start":{"line":48,"column":0},"end":{"line":48,"column":5}},"48":{"start":{"line":49,"column":0},"end":{"line":49,"column":1}},"49":{"start":{"line":50,"column":0},"end":{"line":50,"column":0}},"50":{"start":{"line":51,"column":0},"end":{"line":51,"column":19}},"51":{"start":{"line":52,"column":0},"end":{"line":52,"column":42}},"52":{"start":{"line":53,"column":0},"end":{"line":53,"column":24}},"53":{"start":{"line":54,"column":0},"end":{"line":54,"column":26}},"54":{"start":{"line":55,"column":0},"end":{"line":55,"column":22}},"55":{"start":{"line":56,"column":0},"end":{"line":56,"column":19}},"56":{"start":{"line":57,"column":0},"end":{"line":57,"column":13}},"57":{"start":{"line":58,"column":0},"end":{"line":58,"column":29}},"58":{"start":{"line":59,"column":0},"end":{"line":59,"column":19}},"59":{"start":{"line":60,"column":0},"end":{"line":60,"column":19}},"60":{"start":{"line":61,"column":0},"end":{"line":61,"column":10}},"61":{"start":{"line":62,"column":0},"end":{"line":62,"column":33}},"62":{"start":{"line":63,"column":0},"end":{"line":63,"column":26}},"63":{"start":{"line":64,"column":0},"end":{"line":64,"column":30}},"64":{"start":{"line":65,"column":0},"end":{"line":65,"column":26}},"65":{"start":{"line":66,"column":0},"end":{"line":66,"column":30}},"66":{"start":{"line":67,"column":0},"end":{"line":67,"column":18}},"67":{"start":{"line":68,"column":0},"end":{"line":68,"column":26}},"68":{"start":{"line":69,"column":0},"end":{"line":69,"column":28}},"69":{"start":{"line":70,"column":0},"end":{"line":70,"column":4}},"70":{"start":{"line":71,"column":0},"end":{"line":71,"column":1}},"71":{"start":{"line":72,"column":0},"end":{"line":72,"column":0}},"72":{"start":{"line":73,"column":0},"end":{"line":73,"column":16}},"73":{"start":{"line":74,"column":0},"end":{"line":74,"column":24}},"74":{"start":{"line":75,"column":0},"end":{"line":75,"column":105}},"75":{"start":{"line":76,"column":0},"end":{"line":76,"column":7}},"76":{"start":{"line":77,"column":0},"end":{"line":77,"column":56}},"77":{"start":{"line":78,"column":0},"end":{"line":78,"column":54}},"78":{"start":{"line":79,"column":0},"end":{"line":79,"column":28}},"79":{"start":{"line":80,"column":0},"end":{"line":80,"column":47}},"80":{"start":{"line":81,"column":0},"end":{"line":81,"column":40}},"81":{"start":{"line":82,"column":0},"end":{"line":82,"column":37}},"82":{"start":{"line":83,"column":0},"end":{"line":83,"column":11}},"83":{"start":{"line":84,"column":0},"end":{"line":84,"column":56}},"84":{"start":{"line":85,"column":0},"end":{"line":85,"column":15}},"85":{"start":{"line":86,"column":0},"end":{"line":86,"column":35}},"86":{"start":{"line":87,"column":0},"end":{"line":87,"column":7}},"87":{"start":{"line":88,"column":0},"end":{"line":88,"column":5}},"88":{"start":{"line":89,"column":0},"end":{"line":89,"column":19}},"89":{"start":{"line":90,"column":0},"end":{"line":90,"column":11}},"90":{"start":{"line":91,"column":0},"end":{"line":91,"column":14}},"91":{"start":{"line":92,"column":0},"end":{"line":92,"column":3}},"92":{"start":{"line":93,"column":0},"end":{"line":93,"column":1}},"93":{"start":{"line":94,"column":0},"end":{"line":94,"column":0}},"94":{"start":{"line":95,"column":0},"end":{"line":95,"column":19}},"95":{"start":{"line":96,"column":0},"end":{"line":96,"column":54}},"96":{"start":{"line":97,"column":0},"end":{"line":97,"column":19}},"97":{"start":{"line":98,"column":0},"end":{"line":98,"column":1}},"98":{"start":{"line":99,"column":0},"end":{"line":99,"column":0}},"99":{"start":{"line":100,"column":0},"end":{"line":100,"column":14}},"100":{"start":{"line":101,"column":0},"end":{"line":101,"column":39}},"101":{"start":{"line":102,"column":0},"end":{"line":102,"column":21}},"102":{"start":{"line":103,"column":0},"end":{"line":103,"column":33}},"103":{"start":{"line":104,"column":0},"end":{"line":104,"column":1}}},"s":{"0":1,"1":1,"2":1,"3":1,"4":1,"5":1,"6":1,"7":1,"8":1,"9":1,"10":1,"11":1,"12":1,"13":1,"14":1,"15":1,"16":67,"17":67,"18":67,"19":67,"20":67,"21":67,"22":0,"23":0,"24":67,"25":67,"26":66,"27":66,"28":67,"29":1,"30":1,"31":1,"32":1,"33":1,"34":142,"35":1,"36":1,"37":1,"38":1,"39":141,"40":141,"41":141,"42":141,"43":141,"44":141,"45":0,"46":0,"47":141,"48":141,"49":1,"50":1,"51":1,"52":145,"53":145,"54":145,"55":145,"56":145,"57":145,"58":145,"59":145,"60":145,"61":145,"62":145,"63":145,"64":145,"65":145,"66":145,"67":145,"68":145,"69":145,"70":145,"71":1,"72":1,"73":1,"74":11,"75":11,"76":11,"77":10,"78":10,"79":10,"80":10,"81":11,"82":19,"83":19,"84":19,"85":1,"86":1,"87":19,"88":10,"89":11,"90":1,"91":1,"92":11,"93":1,"94":1,"95":16,"96":16,"97":16,"98":1,"99":1,"100":1,"101":141,"102":141,"103":141},"branchMap":{"0":{"type":"branch","line":17,"loc":{"start":{"line":17,"column":0},"end":{"line":29,"column":1}},"locations":[{"start":{"line":17,"column":0},"end":{"line":29,"column":1}}]},"1":{"type":"branch","line":22,"loc":{"start":{"line":22,"column":2},"end":{"line":24,"column":3}},"locations":[{"start":{"line":22,"column":2},"end":{"line":24,"column":3}}]},"2":{"type":"branch","line":26,"loc":{"start":{"line":26,"column":36},"end":{"line":28,"column":3}},"locations":[{"start":{"line":26,"column":36},"end":{"line":28,"column":3}}]},"3":{"type":"branch","line":34,"loc":{"start":{"line":34,"column":7},"end":{"line":49,"column":1}},"locations":[{"start":{"line":34,"column":7},"end":{"line":49,"column":1}}]},"4":{"type":"branch","line":35,"loc":{"start":{"line":35,"column":20},"end":{"line":39,"column":3}},"locations":[{"start":{"line":35,"column":20},"end":{"line":39,"column":3}}]},"5":{"type":"branch","line":39,"loc":{"start":{"line":39,"column":2},"end":{"line":49,"column":1}},"locations":[{"start":{"line":39,"column":2},"end":{"line":49,"column":1}}]},"6":{"type":"branch","line":41,"loc":{"start":{"line":41,"column":31},"end":{"line":48,"column":3}},"locations":[{"start":{"line":41,"column":31},"end":{"line":48,"column":3}}]},"7":{"type":"branch","line":45,"loc":{"start":{"line":45,"column":4},"end":{"line":47,"column":5}},"locations":[{"start":{"line":45,"column":4},"end":{"line":47,"column":5}}]},"8":{"type":"branch","line":52,"loc":{"start":{"line":52,"column":7},"end":{"line":71,"column":1}},"locations":[{"start":{"line":52,"column":7},"end":{"line":71,"column":1}}]},"9":{"type":"branch","line":75,"loc":{"start":{"line":75,"column":0},"end":{"line":93,"column":1}},"locations":[{"start":{"line":75,"column":0},"end":{"line":93,"column":1}}]},"10":{"type":"branch","line":77,"loc":{"start":{"line":77,"column":54},"end":{"line":82,"column":36}},"locations":[{"start":{"line":77,"column":54},"end":{"line":82,"column":36}}]},"11":{"type":"branch","line":82,"loc":{"start":{"line":82,"column":36},"end":{"line":88,"column":5}},"locations":[{"start":{"line":82,"column":36},"end":{"line":88,"column":5}}]},"12":{"type":"branch","line":85,"loc":{"start":{"line":85,"column":6},"end":{"line":87,"column":7}},"locations":[{"start":{"line":85,"column":6},"end":{"line":87,"column":7}}]},"13":{"type":"branch","line":88,"loc":{"start":{"line":88,"column":4},"end":{"line":90,"column":10}},"locations":[{"start":{"line":88,"column":4},"end":{"line":90,"column":10}}]},"14":{"type":"branch","line":90,"loc":{"start":{"line":90,"column":2},"end":{"line":92,"column":3}},"locations":[{"start":{"line":90,"column":2},"end":{"line":92,"column":3}}]},"15":{"type":"branch","line":96,"loc":{"start":{"line":96,"column":0},"end":{"line":98,"column":1}},"locations":[{"start":{"line":96,"column":0},"end":{"line":98,"column":1}}]},"16":{"type":"branch","line":101,"loc":{"start":{"line":101,"column":7},"end":{"line":104,"column":1}},"locations":[{"start":{"line":101,"column":7},"end":{"line":104,"column":1}}]}},"b":{"0":[67],"1":[0],"2":[66],"3":[142],"4":[1],"5":[141],"6":[141],"7":[0],"8":[145],"9":[11],"10":[10],"11":[19],"12":[1],"13":[10],"14":[1],"15":[16],"16":[141]},"fnMap":{"0":{"name":"initAuditLog","decl":{"start":{"line":17,"column":0},"end":{"line":29,"column":1}},"loc":{"start":{"line":17,"column":0},"end":{"line":29,"column":1}},"line":17},"1":{"name":"writeAuditLog","decl":{"start":{"line":34,"column":7},"end":{"line":49,"column":1}},"loc":{"start":{"line":34,"column":7},"end":{"line":49,"column":1}},"line":34},"2":{"name":"createAuditEntry","decl":{"start":{"line":52,"column":7},"end":{"line":71,"column":1}},"loc":{"start":{"line":52,"column":7},"end":{"line":71,"column":1}},"line":52},"3":{"name":"readAuditLog","decl":{"start":{"line":75,"column":0},"end":{"line":93,"column":1}},"loc":{"start":{"line":75,"column":0},"end":{"line":93,"column":1}},"line":75},"4":{"name":"flushAuditLog","decl":{"start":{"line":96,"column":0},"end":{"line":98,"column":1}},"loc":{"start":{"line":96,"column":0},"end":{"line":98,"column":1}},"line":96},"5":{"name":"resetAuditLog","decl":{"start":{"line":101,"column":7},"end":{"line":104,"column":1}},"loc":{"start":{"line":101,"column":7},"end":{"line":104,"column":1}},"line":101}},"f":{"0":67,"1":142,"2":145,"3":11,"4":16,"5":141}}
,"D:\\code\\otherProjects\\19_Karpathy-AI+Obsidian知识库\\karpathy-wiki\\api\\src\\auth\\password.ts": {"path":"D:\\code\\otherProjects\\19_Karpathy-AI+Obsidian知识库\\karpathy-wiki\\api\\src\\auth\\password.ts","all":false,"statementMap":{"0":{"start":{"line":1,"column":0},"end":{"line":1,"column":33}},"1":{"start":{"line":2,"column":0},"end":{"line":2,"column":35}},"2":{"start":{"line":3,"column":0},"end":{"line":3,"column":0}},"3":{"start":{"line":4,"column":0},"end":{"line":4,"column":12}},"4":{"start":{"line":5,"column":0},"end":{"line":5,"column":52}},"5":{"start":{"line":6,"column":0},"end":{"line":6,"column":48}},"6":{"start":{"line":7,"column":0},"end":{"line":7,"column":56}},"7":{"start":{"line":8,"column":0},"end":{"line":8,"column":0}},"8":{"start":{"line":9,"column":0},"end":{"line":9,"column":15}},"9":{"start":{"line":10,"column":0},"end":{"line":10,"column":56}},"10":{"start":{"line":11,"column":0},"end":{"line":11,"column":34}},"11":{"start":{"line":12,"column":0},"end":{"line":12,"column":22}},"12":{"start":{"line":13,"column":0},"end":{"line":13,"column":21}},"13":{"start":{"line":14,"column":0},"end":{"line":14,"column":24}},"14":{"start":{"line":15,"column":0},"end":{"line":15,"column":0}},"15":{"start":{"line":16,"column":0},"end":{"line":16,"column":28}},"16":{"start":{"line":17,"column":0},"end":{"line":17,"column":40}},"17":{"start":{"line":18,"column":0},"end":{"line":18,"column":59}},"18":{"start":{"line":19,"column":0},"end":{"line":19,"column":1}},"19":{"start":{"line":20,"column":0},"end":{"line":20,"column":0}},"20":{"start":{"line":21,"column":0},"end":{"line":21,"column":21}},"21":{"start":{"line":22,"column":0},"end":{"line":22,"column":31}},"22":{"start":{"line":23,"column":0},"end":{"line":23,"column":111}},"23":{"start":{"line":24,"column":0},"end":{"line":24,"column":49}},"24":{"start":{"line":25,"column":0},"end":{"line":25,"column":89}},"25":{"start":{"line":26,"column":0},"end":{"line":26,"column":36}},"26":{"start":{"line":27,"column":0},"end":{"line":27,"column":1}},"27":{"start":{"line":28,"column":0},"end":{"line":28,"column":0}},"28":{"start":{"line":29,"column":0},"end":{"line":29,"column":22}},"29":{"start":{"line":30,"column":0},"end":{"line":30,"column":36}},"30":{"start":{"line":31,"column":0},"end":{"line":31,"column":136}},"31":{"start":{"line":32,"column":0},"end":{"line":32,"column":62}},"32":{"start":{"line":33,"column":0},"end":{"line":33,"column":35}},"33":{"start":{"line":34,"column":0},"end":{"line":34,"column":46}},"34":{"start":{"line":35,"column":0},"end":{"line":35,"column":48}},"35":{"start":{"line":36,"column":0},"end":{"line":36,"column":42}},"36":{"start":{"line":37,"column":0},"end":{"line":37,"column":38}},"37":{"start":{"line":38,"column":0},"end":{"line":38,"column":1}},"38":{"start":{"line":39,"column":0},"end":{"line":39,"column":0}},"39":{"start":{"line":40,"column":0},"end":{"line":40,"column":40}},"40":{"start":{"line":41,"column":0},"end":{"line":41,"column":39}},"41":{"start":{"line":42,"column":0},"end":{"line":42,"column":43}},"42":{"start":{"line":43,"column":0},"end":{"line":43,"column":62}},"43":{"start":{"line":44,"column":0},"end":{"line":44,"column":40}},"44":{"start":{"line":45,"column":0},"end":{"line":45,"column":49}},"45":{"start":{"line":46,"column":0},"end":{"line":46,"column":89}},"46":{"start":{"line":47,"column":0},"end":{"line":47,"column":32}},"47":{"start":{"line":48,"column":0},"end":{"line":48,"column":1}},"48":{"start":{"line":49,"column":0},"end":{"line":49,"column":0}},"49":{"start":{"line":50,"column":0},"end":{"line":50,"column":17}},"50":{"start":{"line":51,"column":0},"end":{"line":51,"column":76}},"51":{"start":{"line":52,"column":0},"end":{"line":52,"column":51}},"52":{"start":{"line":53,"column":0},"end":{"line":53,"column":45}},"53":{"start":{"line":54,"column":0},"end":{"line":54,"column":40}},"54":{"start":{"line":55,"column":0},"end":{"line":55,"column":97}},"55":{"start":{"line":56,"column":0},"end":{"line":56,"column":13}},"56":{"start":{"line":57,"column":0},"end":{"line":57,"column":43}},"57":{"start":{"line":58,"column":0},"end":{"line":58,"column":51}},"58":{"start":{"line":59,"column":0},"end":{"line":59,"column":42}},"59":{"start":{"line":60,"column":0},"end":{"line":60,"column":38}},"60":{"start":{"line":61,"column":0},"end":{"line":61,"column":1}},"61":{"start":{"line":62,"column":0},"end":{"line":62,"column":0}},"62":{"start":{"line":63,"column":0},"end":{"line":63,"column":39}},"63":{"start":{"line":64,"column":0},"end":{"line":64,"column":38}},"64":{"start":{"line":65,"column":0},"end":{"line":65,"column":61}},"65":{"start":{"line":66,"column":0},"end":{"line":66,"column":35}},"66":{"start":{"line":67,"column":0},"end":{"line":67,"column":60}},"67":{"start":{"line":68,"column":0},"end":{"line":68,"column":35}},"68":{"start":{"line":69,"column":0},"end":{"line":69,"column":36}},"69":{"start":{"line":70,"column":0},"end":{"line":70,"column":73}},"70":{"start":{"line":71,"column":0},"end":{"line":71,"column":54}},"71":{"start":{"line":72,"column":0},"end":{"line":72,"column":1}}},"s":{"0":1,"1":1,"2":1,"3":1,"4":1,"5":1,"6":1,"7":1,"8":1,"9":1,"10":1,"11":1,"12":1,"13":1,"14":1,"15":1,"16":1,"17":200,"18":200,"19":1,"20":1,"21":1,"22":1,"23":212,"24":212,"25":212,"26":212,"27":1,"28":1,"29":1,"30":1,"31":12,"32":12,"33":12,"34":12,"35":12,"36":11,"37":11,"38":1,"39":1,"40":1,"41":1,"42":1,"43":38,"44":38,"45":38,"46":38,"47":38,"48":1,"49":1,"50":1,"51":21,"52":19,"53":21,"54":19,"55":19,"56":19,"57":19,"58":21,"59":15,"60":15,"61":1,"62":1,"63":1,"64":1,"65":5,"66":5,"67":4,"68":4,"69":4,"70":4,"71":4},"branchMap":{"0":{"type":"branch","line":17,"loc":{"start":{"line":17,"column":7},"end":{"line":19,"column":1}},"locations":[{"start":{"line":17,"column":7},"end":{"line":19,"column":1}}]},"1":{"type":"branch","line":23,"loc":{"start":{"line":23,"column":7},"end":{"line":27,"column":1}},"locations":[{"start":{"line":23,"column":7},"end":{"line":27,"column":1}}]},"2":{"type":"branch","line":31,"loc":{"start":{"line":31,"column":7},"end":{"line":38,"column":1}},"locations":[{"start":{"line":31,"column":7},"end":{"line":38,"column":1}}]},"3":{"type":"branch","line":36,"loc":{"start":{"line":36,"column":29},"end":{"line":36,"column":42}},"locations":[{"start":{"line":36,"column":29},"end":{"line":36,"column":42}}]},"4":{"type":"branch","line":36,"loc":{"start":{"line":36,"column":36},"end":{"line":38,"column":1}},"locations":[{"start":{"line":36,"column":36},"end":{"line":38,"column":1}}]},"5":{"type":"branch","line":43,"loc":{"start":{"line":43,"column":7},"end":{"line":48,"column":1}},"locations":[{"start":{"line":43,"column":7},"end":{"line":48,"column":1}}]},"6":{"type":"branch","line":51,"loc":{"start":{"line":51,"column":7},"end":{"line":61,"column":1}},"locations":[{"start":{"line":51,"column":7},"end":{"line":61,"column":1}}]},"7":{"type":"branch","line":52,"loc":{"start":{"line":52,"column":7},"end":{"line":52,"column":38}},"locations":[{"start":{"line":52,"column":7},"end":{"line":52,"column":38}}]},"8":{"type":"branch","line":52,"loc":{"start":{"line":52,"column":38},"end":{"line":52,"column":51}},"locations":[{"start":{"line":52,"column":38},"end":{"line":52,"column":51}}]},"9":{"type":"branch","line":52,"loc":{"start":{"line":52,"column":45},"end":{"line":54,"column":27}},"locations":[{"start":{"line":52,"column":45},"end":{"line":54,"column":27}}]},"10":{"type":"branch","line":54,"loc":{"start":{"line":54,"column":27},"end":{"line":54,"column":40}},"locations":[{"start":{"line":54,"column":27},"end":{"line":54,"column":40}}]},"11":{"type":"branch","line":54,"loc":{"start":{"line":54,"column":34},"end":{"line":59,"column":36}},"locations":[{"start":{"line":54,"column":34},"end":{"line":59,"column":36}}]},"12":{"type":"branch","line":59,"loc":{"start":{"line":59,"column":29},"end":{"line":61,"column":1}},"locations":[{"start":{"line":59,"column":29},"end":{"line":61,"column":1}}]},"13":{"type":"branch","line":59,"loc":{"start":{"line":59,"column":29},"end":{"line":59,"column":42}},"locations":[{"start":{"line":59,"column":29},"end":{"line":59,"column":42}}]},"14":{"type":"branch","line":59,"loc":{"start":{"line":59,"column":36},"end":{"line":61,"column":1}},"locations":[{"start":{"line":59,"column":36},"end":{"line":61,"column":1}}]},"15":{"type":"branch","line":65,"loc":{"start":{"line":65,"column":7},"end":{"line":72,"column":1}},"locations":[{"start":{"line":65,"column":7},"end":{"line":72,"column":1}}]},"16":{"type":"branch","line":67,"loc":{"start":{"line":67,"column":6},"end":{"line":67,"column":43}},"locations":[{"start":{"line":67,"column":6},"end":{"line":67,"column":43}}]},"17":{"type":"branch","line":67,"loc":{"start":{"line":67,"column":43},"end":{"line":67,"column":60}},"locations":[{"start":{"line":67,"column":43},"end":{"line":67,"column":60}}]},"18":{"type":"branch","line":67,"loc":{"start":{"line":67,"column":50},"end":{"line":72,"column":1}},"locations":[{"start":{"line":67,"column":50},"end":{"line":72,"column":1}}]}},"b":{"0":[200],"1":[212],"2":[12],"3":[1],"4":[11],"5":[38],"6":[21],"7":[20],"8":[2],"9":[19],"10":[0],"11":[19],"12":[20],"13":[4],"14":[15],"15":[5],"16":[2],"17":[1],"18":[4]},"fnMap":{"0":{"name":"generateSalt","decl":{"start":{"line":17,"column":7},"end":{"line":19,"column":1}},"loc":{"start":{"line":17,"column":7},"end":{"line":19,"column":1}},"line":17},"1":{"name":"hashPassword","decl":{"start":{"line":23,"column":7},"end":{"line":27,"column":1}},"loc":{"start":{"line":23,"column":7},"end":{"line":27,"column":1}},"line":23},"2":{"name":"verifyPassword","decl":{"start":{"line":31,"column":7},"end":{"line":38,"column":1}},"loc":{"start":{"line":31,"column":7},"end":{"line":38,"column":1}},"line":31},"3":{"name":"generateSessionToken","decl":{"start":{"line":43,"column":7},"end":{"line":48,"column":1}},"loc":{"start":{"line":43,"column":7},"end":{"line":48,"column":1}},"line":43},"4":{"name":"verifySessionToken","decl":{"start":{"line":51,"column":7},"end":{"line":61,"column":1}},"loc":{"start":{"line":51,"column":7},"end":{"line":61,"column":1}},"line":51},"5":{"name":"getSessionSecret","decl":{"start":{"line":65,"column":7},"end":{"line":72,"column":1}},"loc":{"start":{"line":65,"column":7},"end":{"line":72,"column":1}},"line":65}},"f":{"0":200,"1":212,"2":12,"3":38,"4":21,"5":5}}
,"D:\\code\\otherProjects\\19_Karpathy-AI+Obsidian知识库\\karpathy-wiki\\api\\src\\auth\\permission-cache.ts": {"path":"D:\\code\\otherProjects\\19_Karpathy-AI+Obsidian知识库\\karpathy-wiki\\api\\src\\auth\\permission-cache.ts","all":false,"statementMap":{"0":{"start":{"line":1,"column":0},"end":{"line":1,"column":59}},"1":{"start":{"line":2,"column":0},"end":{"line":2,"column":42}},"2":{"start":{"line":3,"column":0},"end":{"line":3,"column":0}},"3":{"start":{"line":4,"column":0},"end":{"line":4,"column":9}},"4":{"start":{"line":5,"column":0},"end":{"line":5,"column":41}},"5":{"start":{"line":6,"column":0},"end":{"line":6,"column":47}},"6":{"start":{"line":7,"column":0},"end":{"line":7,"column":57}},"7":{"start":{"line":8,"column":0},"end":{"line":8,"column":0}},"8":{"start":{"line":9,"column":0},"end":{"line":9,"column":22}},"9":{"start":{"line":10,"column":0},"end":{"line":10,"column":17}},"10":{"start":{"line":11,"column":0},"end":{"line":11,"column":20}},"11":{"start":{"line":12,"column":0},"end":{"line":12,"column":1}},"12":{"start":{"line":13,"column":0},"end":{"line":13,"column":0}},"13":{"start":{"line":14,"column":0},"end":{"line":14,"column":40}},"14":{"start":{"line":15,"column":0},"end":{"line":15,"column":54}},"15":{"start":{"line":16,"column":0},"end":{"line":16,"column":0}},"16":{"start":{"line":17,"column":0},"end":{"line":17,"column":14}},"17":{"start":{"line":18,"column":0},"end":{"line":18,"column":37}},"18":{"start":{"line":19,"column":0},"end":{"line":19,"column":37}},"19":{"start":{"line":20,"column":0},"end":{"line":20,"column":0}},"20":{"start":{"line":21,"column":0},"end":{"line":21,"column":11}},"21":{"start":{"line":22,"column":0},"end":{"line":22,"column":75}},"22":{"start":{"line":23,"column":0},"end":{"line":23,"column":33}},"23":{"start":{"line":24,"column":0},"end":{"line":24,"column":1}},"24":{"start":{"line":25,"column":0},"end":{"line":25,"column":0}},"25":{"start":{"line":26,"column":0},"end":{"line":26,"column":8}},"26":{"start":{"line":27,"column":0},"end":{"line":27,"column":83}},"27":{"start":{"line":28,"column":0},"end":{"line":28,"column":45}},"28":{"start":{"line":29,"column":0},"end":{"line":29,"column":41}},"29":{"start":{"line":30,"column":0},"end":{"line":30,"column":26}},"30":{"start":{"line":31,"column":0},"end":{"line":31,"column":38}},"31":{"start":{"line":32,"column":0},"end":{"line":32,"column":32}},"32":{"start":{"line":33,"column":0},"end":{"line":33,"column":16}},"33":{"start":{"line":34,"column":0},"end":{"line":34,"column":3}},"34":{"start":{"line":35,"column":0},"end":{"line":35,"column":21}},"35":{"start":{"line":36,"column":0},"end":{"line":36,"column":1}},"36":{"start":{"line":37,"column":0},"end":{"line":37,"column":0}},"37":{"start":{"line":38,"column":0},"end":{"line":38,"column":7}},"38":{"start":{"line":39,"column":0},"end":{"line":39,"column":102}},"39":{"start":{"line":40,"column":0},"end":{"line":40,"column":45}},"40":{"start":{"line":41,"column":0},"end":{"line":41,"column":28}},"41":{"start":{"line":42,"column":0},"end":{"line":42,"column":10}},"42":{"start":{"line":43,"column":0},"end":{"line":43,"column":34}},"43":{"start":{"line":44,"column":0},"end":{"line":44,"column":5}},"44":{"start":{"line":45,"column":0},"end":{"line":45,"column":1}},"45":{"start":{"line":46,"column":0},"end":{"line":46,"column":0}},"46":{"start":{"line":47,"column":0},"end":{"line":47,"column":11}},"47":{"start":{"line":48,"column":0},"end":{"line":48,"column":27}},"48":{"start":{"line":49,"column":0},"end":{"line":49,"column":32}},"49":{"start":{"line":50,"column":0},"end":{"line":50,"column":17}},"50":{"start":{"line":51,"column":0},"end":{"line":51,"column":29}},"51":{"start":{"line":52,"column":0},"end":{"line":52,"column":33}},"52":{"start":{"line":53,"column":0},"end":{"line":53,"column":12}},"53":{"start":{"line":54,"column":0},"end":{"line":54,"column":11}},"54":{"start":{"line":55,"column":0},"end":{"line":55,"column":48}},"55":{"start":{"line":56,"column":0},"end":{"line":56,"column":37}},"56":{"start":{"line":57,"column":0},"end":{"line":57,"column":0}},"57":{"start":{"line":58,"column":0},"end":{"line":58,"column":22}},"58":{"start":{"line":59,"column":0},"end":{"line":59,"column":49}},"59":{"start":{"line":60,"column":0},"end":{"line":60,"column":0}},"60":{"start":{"line":61,"column":0},"end":{"line":61,"column":12}},"61":{"start":{"line":62,"column":0},"end":{"line":62,"column":46}},"62":{"start":{"line":63,"column":0},"end":{"line":63,"column":16}},"63":{"start":{"line":64,"column":0},"end":{"line":64,"column":1}},"64":{"start":{"line":65,"column":0},"end":{"line":65,"column":0}},"65":{"start":{"line":66,"column":0},"end":{"line":66,"column":14}},"66":{"start":{"line":67,"column":0},"end":{"line":67,"column":33}},"67":{"start":{"line":68,"column":0},"end":{"line":68,"column":17}},"68":{"start":{"line":69,"column":0},"end":{"line":69,"column":32}},"69":{"start":{"line":70,"column":0},"end":{"line":70,"column":33}},"70":{"start":{"line":71,"column":0},"end":{"line":71,"column":14}},"71":{"start":{"line":72,"column":0},"end":{"line":72,"column":65}},"72":{"start":{"line":73,"column":0},"end":{"line":73,"column":1}},"73":{"start":{"line":74,"column":0},"end":{"line":74,"column":0}},"74":{"start":{"line":75,"column":0},"end":{"line":75,"column":25}},"75":{"start":{"line":76,"column":0},"end":{"line":76,"column":61}},"76":{"start":{"line":77,"column":0},"end":{"line":77,"column":28}},"77":{"start":{"line":78,"column":0},"end":{"line":78,"column":16}},"78":{"start":{"line":79,"column":0},"end":{"line":79,"column":45}},"79":{"start":{"line":80,"column":0},"end":{"line":80,"column":33}},"80":{"start":{"line":81,"column":0},"end":{"line":81,"column":34}},"81":{"start":{"line":82,"column":0},"end":{"line":82,"column":14}},"82":{"start":{"line":83,"column":0},"end":{"line":83,"column":5}},"83":{"start":{"line":84,"column":0},"end":{"line":84,"column":3}},"84":{"start":{"line":85,"column":0},"end":{"line":85,"column":15}},"85":{"start":{"line":86,"column":0},"end":{"line":86,"column":1}},"86":{"start":{"line":87,"column":0},"end":{"line":87,"column":0}},"87":{"start":{"line":88,"column":0},"end":{"line":88,"column":21}},"88":{"start":{"line":89,"column":0},"end":{"line":89,"column":46}},"89":{"start":{"line":90,"column":0},"end":{"line":90,"column":26}},"90":{"start":{"line":91,"column":0},"end":{"line":91,"column":1}},"91":{"start":{"line":92,"column":0},"end":{"line":92,"column":0}},"92":{"start":{"line":93,"column":0},"end":{"line":93,"column":16}},"93":{"start":{"line":94,"column":0},"end":{"line":94,"column":88}},"94":{"start":{"line":95,"column":0},"end":{"line":95,"column":10}},"95":{"start":{"line":96,"column":0},"end":{"line":96,"column":31}},"96":{"start":{"line":97,"column":0},"end":{"line":97,"column":29}},"97":{"start":{"line":98,"column":0},"end":{"line":98,"column":31}},"98":{"start":{"line":99,"column":0},"end":{"line":99,"column":4}},"99":{"start":{"line":100,"column":0},"end":{"line":100,"column":1}},"100":{"start":{"line":101,"column":0},"end":{"line":101,"column":0}},"101":{"start":{"line":102,"column":0},"end":{"line":102,"column":13}},"102":{"start":{"line":103,"column":0},"end":{"line":103,"column":44}},"103":{"start":{"line":104,"column":0},"end":{"line":104,"column":0}},"104":{"start":{"line":105,"column":0},"end":{"line":105,"column":12}},"105":{"start":{"line":106,"column":0},"end":{"line":106,"column":41}},"106":{"start":{"line":107,"column":0},"end":{"line":107,"column":21}},"107":{"start":{"line":108,"column":0},"end":{"line":108,"column":22}},"108":{"start":{"line":109,"column":0},"end":{"line":109,"column":1}},"109":{"start":{"line":110,"column":0},"end":{"line":110,"column":0}},"110":{"start":{"line":111,"column":0},"end":{"line":111,"column":22}},"111":{"start":{"line":112,"column":0},"end":{"line":112,"column":41}},"112":{"start":{"line":113,"column":0},"end":{"line":113,"column":17}},"113":{"start":{"line":114,"column":0},"end":{"line":114,"column":29}},"114":{"start":{"line":115,"column":0},"end":{"line":115,"column":33}},"115":{"start":{"line":116,"column":0},"end":{"line":116,"column":12}},"116":{"start":{"line":117,"column":0},"end":{"line":117,"column":48}},"117":{"start":{"line":118,"column":0},"end":{"line":118,"column":24}},"118":{"start":{"line":119,"column":0},"end":{"line":119,"column":21}},"119":{"start":{"line":120,"column":0},"end":{"line":120,"column":18}},"120":{"start":{"line":121,"column":0},"end":{"line":121,"column":3}},"121":{"start":{"line":122,"column":0},"end":{"line":122,"column":20}},"122":{"start":{"line":123,"column":0},"end":{"line":123,"column":49}},"123":{"start":{"line":124,"column":0},"end":{"line":124,"column":46}},"124":{"start":{"line":125,"column":0},"end":{"line":125,"column":16}},"125":{"start":{"line":126,"column":0},"end":{"line":126,"column":1}}},"s":{"0":1,"1":1,"2":1,"3":1,"4":1,"5":1,"6":1,"7":1,"8":1,"9":1,"10":1,"11":1,"12":1,"13":1,"14":1,"15":1,"16":1,"17":1,"18":1,"19":1,"20":1,"21":128,"22":128,"23":128,"24":1,"25":1,"26":66,"27":66,"28":66,"29":66,"30":58,"31":2,"32":2,"33":2,"34":4,"35":4,"36":1,"37":1,"38":62,"39":62,"40":62,"41":62,"42":62,"43":62,"44":62,"45":1,"46":1,"47":1,"48":1,"49":61,"50":61,"51":61,"52":61,"53":61,"54":61,"55":61,"56":58,"57":58,"58":58,"59":58,"60":58,"61":58,"62":58,"63":58,"64":1,"65":1,"66":1,"67":3,"68":3,"69":3,"70":3,"71":3,"72":3,"73":1,"74":1,"75":1,"76":6,"77":6,"78":6,"79":12,"80":9,"81":9,"82":9,"83":12,"84":6,"85":6,"86":1,"87":1,"88":1,"89":131,"90":131,"91":1,"92":1,"93":1,"94":10,"95":10,"96":10,"97":10,"98":10,"99":10,"100":1,"101":1,"102":1,"103":1,"104":1,"105":1,"106":21,"107":21,"108":21,"109":1,"110":1,"111":1,"112":5,"113":5,"114":5,"115":5,"116":5,"117":5,"118":1,"119":1,"120":1,"121":4,"122":4,"123":4,"124":4,"125":4},"branchMap":{"0":{"type":"branch","line":22,"loc":{"start":{"line":22,"column":0},"end":{"line":24,"column":1}},"locations":[{"start":{"line":22,"column":0},"end":{"line":24,"column":1}}]},"1":{"type":"branch","line":27,"loc":{"start":{"line":27,"column":0},"end":{"line":36,"column":1}},"locations":[{"start":{"line":27,"column":0},"end":{"line":36,"column":1}}]},"2":{"type":"branch","line":30,"loc":{"start":{"line":30,"column":14},"end":{"line":30,"column":26}},"locations":[{"start":{"line":30,"column":14},"end":{"line":30,"column":26}}]},"3":{"type":"branch","line":30,"loc":{"start":{"line":30,"column":21},"end":{"line":36,"column":1}},"locations":[{"start":{"line":30,"column":21},"end":{"line":36,"column":1}}]},"4":{"type":"branch","line":30,"loc":{"start":{"line":30,"column":21},"end":{"line":31,"column":37}},"locations":[{"start":{"line":30,"column":21},"end":{"line":31,"column":37}}]},"5":{"type":"branch","line":31,"loc":{"start":{"line":31,"column":37},"end":{"line":34,"column":3}},"locations":[{"start":{"line":31,"column":37},"end":{"line":34,"column":3}}]},"6":{"type":"branch","line":34,"loc":{"start":{"line":34,"column":2},"end":{"line":36,"column":1}},"locations":[{"start":{"line":34,"column":2},"end":{"line":36,"column":1}}]},"7":{"type":"branch","line":39,"loc":{"start":{"line":39,"column":0},"end":{"line":45,"column":1}},"locations":[{"start":{"line":39,"column":0},"end":{"line":45,"column":1}}]},"8":{"type":"branch","line":49,"loc":{"start":{"line":49,"column":7},"end":{"line":64,"column":1}},"locations":[{"start":{"line":49,"column":7},"end":{"line":64,"column":1}}]},"9":{"type":"branch","line":56,"loc":{"start":{"line":56,"column":23},"end":{"line":56,"column":37}},"locations":[{"start":{"line":56,"column":23},"end":{"line":56,"column":37}}]},"10":{"type":"branch","line":56,"loc":{"start":{"line":56,"column":30},"end":{"line":64,"column":1}},"locations":[{"start":{"line":56,"column":30},"end":{"line":64,"column":1}}]},"11":{"type":"branch","line":67,"loc":{"start":{"line":67,"column":7},"end":{"line":73,"column":1}},"locations":[{"start":{"line":67,"column":7},"end":{"line":73,"column":1}}]},"12":{"type":"branch","line":72,"loc":{"start":{"line":72,"column":25},"end":{"line":72,"column":63}},"locations":[{"start":{"line":72,"column":25},"end":{"line":72,"column":63}}]},"13":{"type":"branch","line":76,"loc":{"start":{"line":76,"column":7},"end":{"line":86,"column":1}},"locations":[{"start":{"line":76,"column":7},"end":{"line":86,"column":1}}]},"14":{"type":"branch","line":79,"loc":{"start":{"line":79,"column":44},"end":{"line":84,"column":3}},"locations":[{"start":{"line":79,"column":44},"end":{"line":84,"column":3}}]},"15":{"type":"branch","line":80,"loc":{"start":{"line":80,"column":32},"end":{"line":83,"column":5}},"locations":[{"start":{"line":80,"column":32},"end":{"line":83,"column":5}}]},"16":{"type":"branch","line":89,"loc":{"start":{"line":89,"column":7},"end":{"line":91,"column":1}},"locations":[{"start":{"line":89,"column":7},"end":{"line":91,"column":1}}]},"17":{"type":"branch","line":94,"loc":{"start":{"line":94,"column":7},"end":{"line":100,"column":1}},"locations":[{"start":{"line":94,"column":7},"end":{"line":100,"column":1}}]},"18":{"type":"branch","line":106,"loc":{"start":{"line":106,"column":7},"end":{"line":109,"column":1}},"locations":[{"start":{"line":106,"column":7},"end":{"line":109,"column":1}}]},"19":{"type":"branch","line":112,"loc":{"start":{"line":112,"column":7},"end":{"line":126,"column":1}},"locations":[{"start":{"line":112,"column":7},"end":{"line":126,"column":1}}]},"20":{"type":"branch","line":118,"loc":{"start":{"line":118,"column":23},"end":{"line":121,"column":3}},"locations":[{"start":{"line":118,"column":23},"end":{"line":121,"column":3}}]},"21":{"type":"branch","line":121,"loc":{"start":{"line":121,"column":2},"end":{"line":126,"column":1}},"locations":[{"start":{"line":121,"column":2},"end":{"line":126,"column":1}}]}},"b":{"0":[128],"1":[66],"2":[60],"3":[58],"4":[6],"5":[2],"6":[4],"7":[62],"8":[61],"9":[3],"10":[58],"11":[3],"12":[6],"13":[6],"14":[12],"15":[9],"16":[131],"17":[10],"18":[21],"19":[5],"20":[1],"21":[4]},"fnMap":{"0":{"name":"makeCacheKey","decl":{"start":{"line":22,"column":0},"end":{"line":24,"column":1}},"loc":{"start":{"line":22,"column":0},"end":{"line":24,"column":1}},"line":22},"1":{"name":"getFromCache","decl":{"start":{"line":27,"column":0},"end":{"line":36,"column":1}},"loc":{"start":{"line":27,"column":0},"end":{"line":36,"column":1}},"line":27},"2":{"name":"setToCache","decl":{"start":{"line":39,"column":0},"end":{"line":45,"column":1}},"loc":{"start":{"line":39,"column":0},"end":{"line":45,"column":1}},"line":39},"3":{"name":"checkPermission","decl":{"start":{"line":49,"column":7},"end":{"line":64,"column":1}},"loc":{"start":{"line":49,"column":7},"end":{"line":64,"column":1}},"line":49},"4":{"name":"checkPermissions","decl":{"start":{"line":67,"column":7},"end":{"line":73,"column":1}},"loc":{"start":{"line":67,"column":7},"end":{"line":73,"column":1}},"line":67},"5":{"name":"invalidateRoleCache","decl":{"start":{"line":76,"column":7},"end":{"line":86,"column":1}},"loc":{"start":{"line":76,"column":7},"end":{"line":86,"column":1}},"line":76},"6":{"name":"clearPermissionCache","decl":{"start":{"line":89,"column":7},"end":{"line":91,"column":1}},"loc":{"start":{"line":89,"column":7},"end":{"line":91,"column":1}},"line":89},"7":{"name":"getCacheStats","decl":{"start":{"line":94,"column":7},"end":{"line":100,"column":1}},"loc":{"start":{"line":94,"column":7},"end":{"line":100,"column":1}},"line":94},"8":{"name":"resetCacheStats","decl":{"start":{"line":106,"column":7},"end":{"line":109,"column":1}},"loc":{"start":{"line":106,"column":7},"end":{"line":109,"column":1}},"line":106},"9":{"name":"checkPermissionWithStats","decl":{"start":{"line":112,"column":7},"end":{"line":126,"column":1}},"loc":{"start":{"line":112,"column":7},"end":{"line":126,"column":1}},"line":112}},"f":{"0":128,"1":66,"2":62,"3":61,"4":3,"5":6,"6":131,"7":10,"8":21,"9":5}}
,"D:\\code\\otherProjects\\19_Karpathy-AI+Obsidian知识库\\karpathy-wiki\\api\\src\\auth\\rbac.ts": {"path":"D:\\code\\otherProjects\\19_Karpathy-AI+Obsidian知识库\\karpathy-wiki\\api\\src\\auth\\rbac.ts","all":false,"statementMap":{"0":{"start":{"line":1,"column":0},"end":{"line":1,"column":59}},"1":{"start":{"line":2,"column":0},"end":{"line":2,"column":0}},"2":{"start":{"line":3,"column":0},"end":{"line":3,"column":22}},"3":{"start":{"line":4,"column":0},"end":{"line":4,"column":37}},"4":{"start":{"line":5,"column":0},"end":{"line":5,"column":36}},"5":{"start":{"line":6,"column":0},"end":{"line":6,"column":0}},"6":{"start":{"line":7,"column":0},"end":{"line":7,"column":11}},"7":{"start":{"line":8,"column":0},"end":{"line":8,"column":54}},"8":{"start":{"line":9,"column":0},"end":{"line":9,"column":43}},"9":{"start":{"line":10,"column":0},"end":{"line":10,"column":82}},"10":{"start":{"line":11,"column":0},"end":{"line":11,"column":17}},"11":{"start":{"line":12,"column":0},"end":{"line":12,"column":10}},"12":{"start":{"line":13,"column":0},"end":{"line":13,"column":16}},"13":{"start":{"line":14,"column":0},"end":{"line":14,"column":13}},"14":{"start":{"line":15,"column":0},"end":{"line":15,"column":15}},"15":{"start":{"line":16,"column":0},"end":{"line":16,"column":13}},"16":{"start":{"line":17,"column":0},"end":{"line":17,"column":12}},"17":{"start":{"line":18,"column":0},"end":{"line":18,"column":12}},"18":{"start":{"line":19,"column":0},"end":{"line":19,"column":13}},"19":{"start":{"line":20,"column":0},"end":{"line":20,"column":13}},"20":{"start":{"line":21,"column":0},"end":{"line":21,"column":13}},"21":{"start":{"line":22,"column":0},"end":{"line":22,"column":14}},"22":{"start":{"line":23,"column":0},"end":{"line":23,"column":11}},"23":{"start":{"line":24,"column":0},"end":{"line":24,"column":12}},"24":{"start":{"line":25,"column":0},"end":{"line":25,"column":12}},"25":{"start":{"line":26,"column":0},"end":{"line":26,"column":4}},"26":{"start":{"line":27,"column":0},"end":{"line":27,"column":35}},"27":{"start":{"line":28,"column":0},"end":{"line":28,"column":54}},"28":{"start":{"line":29,"column":0},"end":{"line":29,"column":30}},"29":{"start":{"line":30,"column":0},"end":{"line":30,"column":45}},"30":{"start":{"line":31,"column":0},"end":{"line":31,"column":45}},"31":{"start":{"line":32,"column":0},"end":{"line":32,"column":55}},"32":{"start":{"line":33,"column":0},"end":{"line":33,"column":2}},"33":{"start":{"line":34,"column":0},"end":{"line":34,"column":0}},"34":{"start":{"line":35,"column":0},"end":{"line":35,"column":27}},"35":{"start":{"line":36,"column":0},"end":{"line":36,"column":70}},"36":{"start":{"line":37,"column":0},"end":{"line":37,"column":37}},"37":{"start":{"line":38,"column":0},"end":{"line":38,"column":1}},"38":{"start":{"line":39,"column":0},"end":{"line":39,"column":0}},"39":{"start":{"line":40,"column":0},"end":{"line":40,"column":15}},"40":{"start":{"line":41,"column":0},"end":{"line":41,"column":84}},"41":{"start":{"line":42,"column":0},"end":{"line":42,"column":53}},"42":{"start":{"line":43,"column":0},"end":{"line":43,"column":1}},"43":{"start":{"line":44,"column":0},"end":{"line":44,"column":0}},"44":{"start":{"line":45,"column":0},"end":{"line":45,"column":34}},"45":{"start":{"line":46,"column":0},"end":{"line":46,"column":90}},"46":{"start":{"line":47,"column":0},"end":{"line":47,"column":57}},"47":{"start":{"line":48,"column":0},"end":{"line":48,"column":1}},"48":{"start":{"line":49,"column":0},"end":{"line":49,"column":0}},"49":{"start":{"line":50,"column":0},"end":{"line":50,"column":28}},"50":{"start":{"line":51,"column":0},"end":{"line":51,"column":91}},"51":{"start":{"line":52,"column":0},"end":{"line":52,"column":58}},"52":{"start":{"line":53,"column":0},"end":{"line":53,"column":1}},"53":{"start":{"line":54,"column":0},"end":{"line":54,"column":0}},"54":{"start":{"line":55,"column":0},"end":{"line":55,"column":26}},"55":{"start":{"line":56,"column":0},"end":{"line":56,"column":50}},"56":{"start":{"line":57,"column":0},"end":{"line":57,"column":26}},"57":{"start":{"line":58,"column":0},"end":{"line":58,"column":1}},"58":{"start":{"line":59,"column":0},"end":{"line":59,"column":0}},"59":{"start":{"line":60,"column":0},"end":{"line":60,"column":30}},"60":{"start":{"line":61,"column":0},"end":{"line":61,"column":41}},"61":{"start":{"line":62,"column":0},"end":{"line":62,"column":36}},"62":{"start":{"line":63,"column":0},"end":{"line":63,"column":1}},"63":{"start":{"line":64,"column":0},"end":{"line":64,"column":0}},"64":{"start":{"line":65,"column":0},"end":{"line":65,"column":25}},"65":{"start":{"line":66,"column":0},"end":{"line":66,"column":53}},"66":{"start":{"line":67,"column":0},"end":{"line":67,"column":10}},"67":{"start":{"line":68,"column":0},"end":{"line":68,"column":16}},"68":{"start":{"line":69,"column":0},"end":{"line":69,"column":13}},"69":{"start":{"line":70,"column":0},"end":{"line":70,"column":15}},"70":{"start":{"line":71,"column":0},"end":{"line":71,"column":13}},"71":{"start":{"line":72,"column":0},"end":{"line":72,"column":12}},"72":{"start":{"line":73,"column":0},"end":{"line":73,"column":12}},"73":{"start":{"line":74,"column":0},"end":{"line":74,"column":13}},"74":{"start":{"line":75,"column":0},"end":{"line":75,"column":13}},"75":{"start":{"line":76,"column":0},"end":{"line":76,"column":13}},"76":{"start":{"line":77,"column":0},"end":{"line":77,"column":14}},"77":{"start":{"line":78,"column":0},"end":{"line":78,"column":11}},"78":{"start":{"line":79,"column":0},"end":{"line":79,"column":12}},"79":{"start":{"line":80,"column":0},"end":{"line":80,"column":12}},"80":{"start":{"line":81,"column":0},"end":{"line":81,"column":4}},"81":{"start":{"line":82,"column":0},"end":{"line":82,"column":1}},"82":{"start":{"line":83,"column":0},"end":{"line":83,"column":0}},"83":{"start":{"line":84,"column":0},"end":{"line":84,"column":36}},"84":{"start":{"line":85,"column":0},"end":{"line":85,"column":79}},"85":{"start":{"line":86,"column":0},"end":{"line":86,"column":10}},"86":{"start":{"line":87,"column":0},"end":{"line":87,"column":39}},"87":{"start":{"line":88,"column":0},"end":{"line":88,"column":37}},"88":{"start":{"line":89,"column":0},"end":{"line":89,"column":39}},"89":{"start":{"line":90,"column":0},"end":{"line":90,"column":4}},"90":{"start":{"line":91,"column":0},"end":{"line":91,"column":1}}},"s":{"0":1,"1":1,"2":1,"3":1,"4":1,"5":1,"6":1,"7":1,"8":1,"9":1,"10":1,"11":1,"12":1,"13":1,"14":1,"15":1,"16":1,"17":1,"18":1,"19":1,"20":1,"21":1,"22":1,"23":1,"24":1,"25":1,"26":1,"27":1,"28":1,"29":1,"30":1,"31":1,"32":1,"33":1,"34":1,"35":1,"36":28,"37":28,"38":1,"39":1,"40":1,"41":135,"42":135,"43":1,"44":1,"45":1,"46":8,"47":8,"48":1,"49":1,"50":1,"51":5,"52":5,"53":1,"54":1,"55":1,"56":3,"57":3,"58":1,"59":1,"60":1,"61":1,"62":1,"63":1,"64":1,"65":1,"66":2,"67":2,"68":2,"69":2,"70":2,"71":2,"72":2,"73":2,"74":2,"75":2,"76":2,"77":2,"78":2,"79":2,"80":2,"81":2,"82":1,"83":1,"84":1,"85":4,"86":4,"87":4,"88":4,"89":4,"90":4},"branchMap":{"0":{"type":"branch","line":36,"loc":{"start":{"line":36,"column":7},"end":{"line":38,"column":1}},"locations":[{"start":{"line":36,"column":7},"end":{"line":38,"column":1}}]},"1":{"type":"branch","line":41,"loc":{"start":{"line":41,"column":7},"end":{"line":43,"column":1}},"locations":[{"start":{"line":41,"column":7},"end":{"line":43,"column":1}}]},"2":{"type":"branch","line":46,"loc":{"start":{"line":46,"column":7},"end":{"line":48,"column":1}},"locations":[{"start":{"line":46,"column":7},"end":{"line":48,"column":1}}]},"3":{"type":"branch","line":47,"loc":{"start":{"line":47,"column":26},"end":{"line":47,"column":55}},"locations":[{"start":{"line":47,"column":26},"end":{"line":47,"column":55}}]},"4":{"type":"branch","line":51,"loc":{"start":{"line":51,"column":7},"end":{"line":53,"column":1}},"locations":[{"start":{"line":51,"column":7},"end":{"line":53,"column":1}}]},"5":{"type":"branch","line":52,"loc":{"start":{"line":52,"column":27},"end":{"line":52,"column":56}},"locations":[{"start":{"line":52,"column":27},"end":{"line":52,"column":56}}]},"6":{"type":"branch","line":56,"loc":{"start":{"line":56,"column":7},"end":{"line":58,"column":1}},"locations":[{"start":{"line":56,"column":7},"end":{"line":58,"column":1}}]},"7":{"type":"branch","line":61,"loc":{"start":{"line":61,"column":7},"end":{"line":63,"column":1}},"locations":[{"start":{"line":61,"column":7},"end":{"line":63,"column":1}}]},"8":{"type":"branch","line":66,"loc":{"start":{"line":66,"column":7},"end":{"line":82,"column":1}},"locations":[{"start":{"line":66,"column":7},"end":{"line":82,"column":1}}]},"9":{"type":"branch","line":85,"loc":{"start":{"line":85,"column":7},"end":{"line":91,"column":1}},"locations":[{"start":{"line":85,"column":7},"end":{"line":91,"column":1}}]}},"b":{"0":[28],"1":[135],"2":[8],"3":[9],"4":[5],"5":[10],"6":[3],"7":[1],"8":[2],"9":[4]},"fnMap":{"0":{"name":"getRolePermissions","decl":{"start":{"line":36,"column":7},"end":{"line":38,"column":1}},"loc":{"start":{"line":36,"column":7},"end":{"line":38,"column":1}},"line":36},"1":{"name":"hasPermission","decl":{"start":{"line":41,"column":7},"end":{"line":43,"column":1}},"loc":{"start":{"line":41,"column":7},"end":{"line":43,"column":1}},"line":41},"2":{"name":"hasAnyPermission","decl":{"start":{"line":46,"column":7},"end":{"line":48,"column":1}},"loc":{"start":{"line":46,"column":7},"end":{"line":48,"column":1}},"line":46},"3":{"name":"hasAllPermissions","decl":{"start":{"line":51,"column":7},"end":{"line":53,"column":1}},"loc":{"start":{"line":51,"column":7},"end":{"line":53,"column":1}},"line":51},"4":{"name":"isAdmin","decl":{"start":{"line":56,"column":7},"end":{"line":58,"column":1}},"loc":{"start":{"line":56,"column":7},"end":{"line":58,"column":1}},"line":56},"5":{"name":"listRoles","decl":{"start":{"line":61,"column":7},"end":{"line":63,"column":1}},"loc":{"start":{"line":61,"column":7},"end":{"line":63,"column":1}},"line":61},"6":{"name":"listPermissions","decl":{"start":{"line":66,"column":7},"end":{"line":82,"column":1}},"loc":{"start":{"line":66,"column":7},"end":{"line":82,"column":1}},"line":66},"7":{"name":"getRolePermissionMatrix","decl":{"start":{"line":85,"column":7},"end":{"line":91,"column":1}},"loc":{"start":{"line":85,"column":7},"end":{"line":91,"column":1}},"line":85}},"f":{"0":28,"1":135,"2":8,"3":5,"4":3,"5":1,"6":2,"7":4}}
,"D:\\code\\otherProjects\\19_Karpathy-AI+Obsidian知识库\\karpathy-wiki\\api\\src\\auth\\session.ts": {"path":"D:\\code\\otherProjects\\19_Karpathy-AI+Obsidian知识库\\karpathy-wiki\\api\\src\\auth\\session.ts","all":false,"statementMap":{"0":{"start":{"line":1,"column":0},"end":{"line":1,"column":58}},"1":{"start":{"line":2,"column":0},"end":{"line":2,"column":73}},"2":{"start":{"line":3,"column":0},"end":{"line":3,"column":0}},"3":{"start":{"line":4,"column":0},"end":{"line":4,"column":9}},"4":{"start":{"line":5,"column":0},"end":{"line":5,"column":41}},"5":{"start":{"line":6,"column":0},"end":{"line":6,"column":41}},"6":{"start":{"line":7,"column":0},"end":{"line":7,"column":0}},"7":{"start":{"line":8,"column":0},"end":{"line":8,"column":33}},"8":{"start":{"line":9,"column":0},"end":{"line":9,"column":50}},"9":{"start":{"line":10,"column":0},"end":{"line":10,"column":0}},"10":{"start":{"line":11,"column":0},"end":{"line":11,"column":16}},"11":{"start":{"line":12,"column":0},"end":{"line":12,"column":43}},"12":{"start":{"line":13,"column":0},"end":{"line":13,"column":0}},"13":{"start":{"line":14,"column":0},"end":{"line":14,"column":24}},"14":{"start":{"line":15,"column":0},"end":{"line":15,"column":39}},"15":{"start":{"line":16,"column":0},"end":{"line":16,"column":43}},"16":{"start":{"line":17,"column":0},"end":{"line":17,"column":47}},"17":{"start":{"line":18,"column":0},"end":{"line":18,"column":0}},"18":{"start":{"line":19,"column":0},"end":{"line":19,"column":10}},"19":{"start":{"line":20,"column":0},"end":{"line":20,"column":45}},"20":{"start":{"line":21,"column":0},"end":{"line":21,"column":27}},"21":{"start":{"line":22,"column":0},"end":{"line":22,"column":36}},"22":{"start":{"line":23,"column":0},"end":{"line":23,"column":29}},"23":{"start":{"line":24,"column":0},"end":{"line":24,"column":26}},"24":{"start":{"line":25,"column":0},"end":{"line":25,"column":54}},"25":{"start":{"line":26,"column":0},"end":{"line":26,"column":23}},"26":{"start":{"line":27,"column":0},"end":{"line":27,"column":1}},"27":{"start":{"line":28,"column":0},"end":{"line":28,"column":0}},"28":{"start":{"line":29,"column":0},"end":{"line":29,"column":15}},"29":{"start":{"line":30,"column":0},"end":{"line":30,"column":44}},"30":{"start":{"line":31,"column":0},"end":{"line":31,"column":21}},"31":{"start":{"line":32,"column":0},"end":{"line":32,"column":32}},"32":{"start":{"line":33,"column":0},"end":{"line":33,"column":24}},"33":{"start":{"line":34,"column":0},"end":{"line":34,"column":3}},"34":{"start":{"line":35,"column":0},"end":{"line":35,"column":1}},"35":{"start":{"line":36,"column":0},"end":{"line":36,"column":0}},"36":{"start":{"line":37,"column":0},"end":{"line":37,"column":9}},"37":{"start":{"line":38,"column":0},"end":{"line":38,"column":50}},"38":{"start":{"line":39,"column":0},"end":{"line":39,"column":25}},"39":{"start":{"line":40,"column":0},"end":{"line":40,"column":18}},"40":{"start":{"line":41,"column":0},"end":{"line":41,"column":43}},"41":{"start":{"line":42,"column":0},"end":{"line":42,"column":34}},"42":{"start":{"line":43,"column":0},"end":{"line":43,"column":29}},"43":{"start":{"line":44,"column":0},"end":{"line":44,"column":16}},"44":{"start":{"line":45,"column":0},"end":{"line":45,"column":5}},"45":{"start":{"line":46,"column":0},"end":{"line":46,"column":3}},"46":{"start":{"line":47,"column":0},"end":{"line":47,"column":17}},"47":{"start":{"line":48,"column":0},"end":{"line":48,"column":1}},"48":{"start":{"line":49,"column":0},"end":{"line":49,"column":0}},"49":{"start":{"line":50,"column":0},"end":{"line":50,"column":7}},"50":{"start":{"line":51,"column":0},"end":{"line":51,"column":39}},"51":{"start":{"line":52,"column":0},"end":{"line":52,"column":17}},"52":{"start":{"line":53,"column":0},"end":{"line":53,"column":19}},"53":{"start":{"line":54,"column":0},"end":{"line":54,"column":17}},"54":{"start":{"line":55,"column":0},"end":{"line":55,"column":17}},"55":{"start":{"line":56,"column":0},"end":{"line":56,"column":17}},"56":{"start":{"line":57,"column":0},"end":{"line":57,"column":19}},"57":{"start":{"line":58,"column":0},"end":{"line":58,"column":52}},"58":{"start":{"line":59,"column":0},"end":{"line":59,"column":25}},"59":{"start":{"line":60,"column":0},"end":{"line":60,"column":45}},"60":{"start":{"line":61,"column":0},"end":{"line":61,"column":33}},"61":{"start":{"line":62,"column":0},"end":{"line":62,"column":10}},"62":{"start":{"line":63,"column":0},"end":{"line":63,"column":26}},"63":{"start":{"line":64,"column":0},"end":{"line":64,"column":30}},"64":{"start":{"line":65,"column":0},"end":{"line":65,"column":22}},"65":{"start":{"line":66,"column":0},"end":{"line":66,"column":19}},"66":{"start":{"line":67,"column":0},"end":{"line":67,"column":25}},"67":{"start":{"line":68,"column":0},"end":{"line":68,"column":4}},"68":{"start":{"line":69,"column":0},"end":{"line":69,"column":30}},"69":{"start":{"line":70,"column":0},"end":{"line":70,"column":16}},"70":{"start":{"line":71,"column":0},"end":{"line":71,"column":1}},"71":{"start":{"line":72,"column":0},"end":{"line":72,"column":0}},"72":{"start":{"line":73,"column":0},"end":{"line":73,"column":20}},"73":{"start":{"line":74,"column":0},"end":{"line":74,"column":52}},"74":{"start":{"line":75,"column":0},"end":{"line":75,"column":86}},"75":{"start":{"line":76,"column":0},"end":{"line":76,"column":26}},"76":{"start":{"line":77,"column":0},"end":{"line":77,"column":54}},"77":{"start":{"line":78,"column":0},"end":{"line":78,"column":37}},"78":{"start":{"line":79,"column":0},"end":{"line":79,"column":27}},"79":{"start":{"line":80,"column":0},"end":{"line":80,"column":9}},"80":{"start":{"line":81,"column":0},"end":{"line":81,"column":39}},"81":{"start":{"line":82,"column":0},"end":{"line":82,"column":27}},"82":{"start":{"line":83,"column":0},"end":{"line":83,"column":16}},"83":{"start":{"line":84,"column":0},"end":{"line":84,"column":3}},"84":{"start":{"line":85,"column":0},"end":{"line":85,"column":16}},"85":{"start":{"line":86,"column":0},"end":{"line":86,"column":1}},"86":{"start":{"line":87,"column":0},"end":{"line":87,"column":0}},"87":{"start":{"line":88,"column":0},"end":{"line":88,"column":11}},"88":{"start":{"line":89,"column":0},"end":{"line":89,"column":56}},"89":{"start":{"line":90,"column":0},"end":{"line":90,"column":32}},"90":{"start":{"line":91,"column":0},"end":{"line":91,"column":1}},"91":{"start":{"line":92,"column":0},"end":{"line":92,"column":0}},"92":{"start":{"line":93,"column":0},"end":{"line":93,"column":25}},"93":{"start":{"line":94,"column":0},"end":{"line":94,"column":61}},"94":{"start":{"line":95,"column":0},"end":{"line":95,"column":16}},"95":{"start":{"line":96,"column":0},"end":{"line":96,"column":43}},"96":{"start":{"line":97,"column":0},"end":{"line":97,"column":35}},"97":{"start":{"line":98,"column":0},"end":{"line":98,"column":29}},"98":{"start":{"line":99,"column":0},"end":{"line":99,"column":14}},"99":{"start":{"line":100,"column":0},"end":{"line":100,"column":5}},"100":{"start":{"line":101,"column":0},"end":{"line":101,"column":3}},"101":{"start":{"line":102,"column":0},"end":{"line":102,"column":15}},"102":{"start":{"line":103,"column":0},"end":{"line":103,"column":1}},"103":{"start":{"line":104,"column":0},"end":{"line":104,"column":0}},"104":{"start":{"line":105,"column":0},"end":{"line":105,"column":17}},"105":{"start":{"line":106,"column":0},"end":{"line":106,"column":43}},"106":{"start":{"line":107,"column":0},"end":{"line":107,"column":23}},"107":{"start":{"line":108,"column":0},"end":{"line":108,"column":1}},"108":{"start":{"line":109,"column":0},"end":{"line":109,"column":0}},"109":{"start":{"line":110,"column":0},"end":{"line":110,"column":14}},"110":{"start":{"line":111,"column":0},"end":{"line":111,"column":42}},"111":{"start":{"line":112,"column":0},"end":{"line":112,"column":19}},"112":{"start":{"line":113,"column":0},"end":{"line":113,"column":1}}},"s":{"0":1,"1":1,"2":1,"3":1,"4":1,"5":1,"6":1,"7":1,"8":1,"9":1,"10":1,"11":1,"12":1,"13":1,"14":1,"15":1,"16":1,"17":1,"18":1,"19":1,"20":2,"21":1,"22":0,"23":1,"24":1,"25":1,"26":1,"27":1,"28":1,"29":1,"30":43,"31":1,"32":1,"33":1,"34":43,"35":1,"36":1,"37":1,"38":3,"39":3,"40":3,"41":4,"42":2,"43":2,"44":2,"45":4,"46":3,"47":3,"48":1,"49":1,"50":1,"51":31,"52":31,"53":31,"54":31,"55":31,"56":31,"57":31,"58":31,"59":31,"60":31,"61":31,"62":31,"63":31,"64":31,"65":31,"66":31,"67":31,"68":31,"69":31,"70":31,"71":1,"72":1,"73":1,"74":1,"75":16,"76":15,"77":11,"78":16,"79":9,"80":16,"81":2,"82":2,"83":2,"84":7,"85":7,"86":1,"87":1,"88":1,"89":3,"90":3,"91":1,"92":1,"93":1,"94":3,"95":3,"96":5,"97":3,"98":3,"99":3,"100":5,"101":3,"102":3,"103":1,"104":1,"105":1,"106":9,"107":9,"108":1,"109":1,"110":1,"111":151,"112":151},"branchMap":{"0":{"type":"branch","line":20,"loc":{"start":{"line":20,"column":7},"end":{"line":27,"column":1}},"locations":[{"start":{"line":20,"column":7},"end":{"line":27,"column":1}}]},"1":{"type":"branch","line":21,"loc":{"start":{"line":21,"column":20},"end":{"line":27,"column":1}},"locations":[{"start":{"line":21,"column":20},"end":{"line":27,"column":1}}]},"2":{"type":"branch","line":30,"loc":{"start":{"line":30,"column":7},"end":{"line":35,"column":1}},"locations":[{"start":{"line":30,"column":7},"end":{"line":35,"column":1}}]},"3":{"type":"branch","line":31,"loc":{"start":{"line":31,"column":20},"end":{"line":34,"column":3}},"locations":[{"start":{"line":31,"column":20},"end":{"line":34,"column":3}}]},"4":{"type":"branch","line":38,"loc":{"start":{"line":38,"column":7},"end":{"line":48,"column":1}},"locations":[{"start":{"line":38,"column":7},"end":{"line":48,"column":1}}]},"5":{"type":"branch","line":41,"loc":{"start":{"line":41,"column":42},"end":{"line":46,"column":3}},"locations":[{"start":{"line":41,"column":42},"end":{"line":46,"column":3}}]},"6":{"type":"branch","line":42,"loc":{"start":{"line":42,"column":33},"end":{"line":45,"column":5}},"locations":[{"start":{"line":42,"column":33},"end":{"line":45,"column":5}}]},"7":{"type":"branch","line":51,"loc":{"start":{"line":51,"column":7},"end":{"line":71,"column":1}},"locations":[{"start":{"line":51,"column":7},"end":{"line":71,"column":1}}]},"8":{"type":"branch","line":60,"loc":{"start":{"line":60,"column":21},"end":{"line":60,"column":45}},"locations":[{"start":{"line":60,"column":21},"end":{"line":60,"column":45}}]},"9":{"type":"branch","line":75,"loc":{"start":{"line":75,"column":7},"end":{"line":86,"column":1}},"locations":[{"start":{"line":75,"column":7},"end":{"line":86,"column":1}}]},"10":{"type":"branch","line":76,"loc":{"start":{"line":76,"column":14},"end":{"line":76,"column":26}},"locations":[{"start":{"line":76,"column":14},"end":{"line":76,"column":26}}]},"11":{"type":"branch","line":76,"loc":{"start":{"line":76,"column":21},"end":{"line":79,"column":22}},"locations":[{"start":{"line":76,"column":21},"end":{"line":79,"column":22}}]},"12":{"type":"branch","line":77,"loc":{"start":{"line":77,"column":42},"end":{"line":77,"column":54}},"locations":[{"start":{"line":77,"column":42},"end":{"line":77,"column":54}}]},"13":{"type":"branch","line":77,"loc":{"start":{"line":77,"column":49},"end":{"line":79,"column":22}},"locations":[{"start":{"line":77,"column":49},"end":{"line":79,"column":22}}]},"14":{"type":"branch","line":79,"loc":{"start":{"line":79,"column":15},"end":{"line":79,"column":27}},"locations":[{"start":{"line":79,"column":15},"end":{"line":79,"column":27}}]},"15":{"type":"branch","line":79,"loc":{"start":{"line":79,"column":22},"end":{"line":81,"column":38}},"locations":[{"start":{"line":79,"column":22},"end":{"line":81,"column":38}}]},"16":{"type":"branch","line":81,"loc":{"start":{"line":81,"column":38},"end":{"line":84,"column":3}},"locations":[{"start":{"line":81,"column":38},"end":{"line":84,"column":3}}]},"17":{"type":"branch","line":84,"loc":{"start":{"line":84,"column":2},"end":{"line":86,"column":1}},"locations":[{"start":{"line":84,"column":2},"end":{"line":86,"column":1}}]},"18":{"type":"branch","line":89,"loc":{"start":{"line":89,"column":7},"end":{"line":91,"column":1}},"locations":[{"start":{"line":89,"column":7},"end":{"line":91,"column":1}}]},"19":{"type":"branch","line":94,"loc":{"start":{"line":94,"column":7},"end":{"line":103,"column":1}},"locations":[{"start":{"line":94,"column":7},"end":{"line":103,"column":1}}]},"20":{"type":"branch","line":96,"loc":{"start":{"line":96,"column":42},"end":{"line":101,"column":3}},"locations":[{"start":{"line":96,"column":42},"end":{"line":101,"column":3}}]},"21":{"type":"branch","line":97,"loc":{"start":{"line":97,"column":34},"end":{"line":100,"column":5}},"locations":[{"start":{"line":97,"column":34},"end":{"line":100,"column":5}}]},"22":{"type":"branch","line":106,"loc":{"start":{"line":106,"column":7},"end":{"line":108,"column":1}},"locations":[{"start":{"line":106,"column":7},"end":{"line":108,"column":1}}]},"23":{"type":"branch","line":111,"loc":{"start":{"line":111,"column":7},"end":{"line":113,"column":1}},"locations":[{"start":{"line":111,"column":7},"end":{"line":113,"column":1}}]}},"b":{"0":[2],"1":[1],"2":[43],"3":[1],"4":[3],"5":[4],"6":[2],"7":[31],"8":[24],"9":[16],"10":[1],"11":[15],"12":[4],"13":[11],"14":[2],"15":[9],"16":[2],"17":[7],"18":[3],"19":[3],"20":[5],"21":[3],"22":[9],"23":[151]},"fnMap":{"0":{"name":"startSessionCleanup","decl":{"start":{"line":20,"column":7},"end":{"line":27,"column":1}},"loc":{"start":{"line":20,"column":7},"end":{"line":27,"column":1}},"line":20},"1":{"name":"stopSessionCleanup","decl":{"start":{"line":30,"column":7},"end":{"line":35,"column":1}},"loc":{"start":{"line":30,"column":7},"end":{"line":35,"column":1}},"line":30},"2":{"name":"cleanupExpiredSessions","decl":{"start":{"line":38,"column":7},"end":{"line":48,"column":1}},"loc":{"start":{"line":38,"column":7},"end":{"line":48,"column":1}},"line":38},"3":{"name":"createSession","decl":{"start":{"line":51,"column":7},"end":{"line":71,"column":1}},"loc":{"start":{"line":51,"column":7},"end":{"line":71,"column":1}},"line":51},"4":{"name":"validateSession","decl":{"start":{"line":75,"column":7},"end":{"line":86,"column":1}},"loc":{"start":{"line":75,"column":7},"end":{"line":86,"column":1}},"line":75},"5":{"name":"destroySession","decl":{"start":{"line":89,"column":7},"end":{"line":91,"column":1}},"loc":{"start":{"line":89,"column":7},"end":{"line":91,"column":1}},"line":89},"6":{"name":"destroyUserSessions","decl":{"start":{"line":94,"column":7},"end":{"line":103,"column":1}},"loc":{"start":{"line":94,"column":7},"end":{"line":103,"column":1}},"line":94},"7":{"name":"getSessionCount","decl":{"start":{"line":106,"column":7},"end":{"line":108,"column":1}},"loc":{"start":{"line":106,"column":7},"end":{"line":108,"column":1}},"line":106},"8":{"name":"clearAllSessions","decl":{"start":{"line":111,"column":7},"end":{"line":113,"column":1}},"loc":{"start":{"line":111,"column":7},"end":{"line":113,"column":1}},"line":111}},"f":{"0":2,"1":43,"2":3,"3":31,"4":16,"5":3,"6":3,"7":9,"8":151}}
,"D:\\code\\otherProjects\\19_Karpathy-AI+Obsidian知识库\\karpathy-wiki\\api\\src\\auth\\user-store.ts": {"path":"D:\\code\\otherProjects\\19_Karpathy-AI+Obsidian知识库\\karpathy-wiki\\api\\src\\auth\\user-store.ts","all":false,"statementMap":{"0":{"start":{"line":1,"column":0},"end":{"line":1,"column":34}},"1":{"start":{"line":2,"column":0},"end":{"line":2,"column":29}},"2":{"start":{"line":3,"column":0},"end":{"line":3,"column":29}},"3":{"start":{"line":4,"column":0},"end":{"line":4,"column":33}},"4":{"start":{"line":5,"column":0},"end":{"line":5,"column":55}},"5":{"start":{"line":6,"column":0},"end":{"line":6,"column":59}},"6":{"start":{"line":7,"column":0},"end":{"line":7,"column":0}},"7":{"start":{"line":8,"column":0},"end":{"line":8,"column":9}},"8":{"start":{"line":9,"column":0},"end":{"line":9,"column":35}},"9":{"start":{"line":10,"column":0},"end":{"line":10,"column":52}},"10":{"start":{"line":11,"column":0},"end":{"line":11,"column":0}},"11":{"start":{"line":12,"column":0},"end":{"line":12,"column":18}},"12":{"start":{"line":13,"column":0},"end":{"line":13,"column":43}},"13":{"start":{"line":14,"column":0},"end":{"line":14,"column":40}},"14":{"start":{"line":15,"column":0},"end":{"line":15,"column":30}},"15":{"start":{"line":16,"column":0},"end":{"line":16,"column":0}},"16":{"start":{"line":17,"column":0},"end":{"line":17,"column":20}},"17":{"start":{"line":18,"column":0},"end":{"line":18,"column":37}},"18":{"start":{"line":19,"column":0},"end":{"line":19,"column":23}},"19":{"start":{"line":20,"column":0},"end":{"line":20,"column":73}},"20":{"start":{"line":21,"column":0},"end":{"line":21,"column":70}},"21":{"start":{"line":22,"column":0},"end":{"line":22,"column":73}},"22":{"start":{"line":23,"column":0},"end":{"line":23,"column":2}},"23":{"start":{"line":24,"column":0},"end":{"line":24,"column":0}},"24":{"start":{"line":25,"column":0},"end":{"line":25,"column":10}},"25":{"start":{"line":26,"column":0},"end":{"line":26,"column":29}},"26":{"start":{"line":27,"column":0},"end":{"line":27,"column":90}},"27":{"start":{"line":28,"column":0},"end":{"line":28,"column":27}},"28":{"start":{"line":29,"column":0},"end":{"line":29,"column":32}},"29":{"start":{"line":30,"column":0},"end":{"line":30,"column":0}},"30":{"start":{"line":31,"column":0},"end":{"line":31,"column":37}},"31":{"start":{"line":32,"column":0},"end":{"line":32,"column":7}},"32":{"start":{"line":33,"column":0},"end":{"line":33,"column":45}},"33":{"start":{"line":34,"column":0},"end":{"line":34,"column":11}},"34":{"start":{"line":35,"column":0},"end":{"line":35,"column":12}},"35":{"start":{"line":36,"column":0},"end":{"line":36,"column":3}},"36":{"start":{"line":37,"column":0},"end":{"line":37,"column":0}},"37":{"start":{"line":38,"column":0},"end":{"line":38,"column":19}},"38":{"start":{"line":39,"column":0},"end":{"line":39,"column":37}},"39":{"start":{"line":40,"column":0},"end":{"line":40,"column":46}},"40":{"start":{"line":41,"column":0},"end":{"line":41,"column":52}},"41":{"start":{"line":42,"column":0},"end":{"line":42,"column":34}},"42":{"start":{"line":43,"column":0},"end":{"line":43,"column":44}},"43":{"start":{"line":44,"column":0},"end":{"line":44,"column":43}},"44":{"start":{"line":45,"column":0},"end":{"line":45,"column":42}},"45":{"start":{"line":46,"column":0},"end":{"line":46,"column":42}},"46":{"start":{"line":47,"column":0},"end":{"line":47,"column":10}},"47":{"start":{"line":48,"column":0},"end":{"line":48,"column":22}},"48":{"start":{"line":49,"column":0},"end":{"line":49,"column":3}},"49":{"start":{"line":50,"column":0},"end":{"line":50,"column":1}},"50":{"start":{"line":51,"column":0},"end":{"line":51,"column":0}},"51":{"start":{"line":52,"column":0},"end":{"line":52,"column":24}},"52":{"start":{"line":53,"column":0},"end":{"line":53,"column":60}},"53":{"start":{"line":54,"column":0},"end":{"line":54,"column":39}},"54":{"start":{"line":55,"column":0},"end":{"line":55,"column":21}},"55":{"start":{"line":56,"column":0},"end":{"line":56,"column":36}},"56":{"start":{"line":57,"column":0},"end":{"line":57,"column":34}},"57":{"start":{"line":58,"column":0},"end":{"line":58,"column":76}},"58":{"start":{"line":59,"column":0},"end":{"line":59,"column":14}},"59":{"start":{"line":60,"column":0},"end":{"line":60,"column":32}},"60":{"start":{"line":61,"column":0},"end":{"line":61,"column":29}},"61":{"start":{"line":62,"column":0},"end":{"line":62,"column":21}},"62":{"start":{"line":63,"column":0},"end":{"line":63,"column":13}},"63":{"start":{"line":64,"column":0},"end":{"line":64,"column":21}},"64":{"start":{"line":65,"column":0},"end":{"line":65,"column":22}},"65":{"start":{"line":66,"column":0},"end":{"line":66,"column":23}},"66":{"start":{"line":67,"column":0},"end":{"line":67,"column":23}},"67":{"start":{"line":68,"column":0},"end":{"line":68,"column":29}},"68":{"start":{"line":69,"column":0},"end":{"line":69,"column":7}},"69":{"start":{"line":70,"column":0},"end":{"line":70,"column":4}},"70":{"start":{"line":71,"column":0},"end":{"line":71,"column":1}},"71":{"start":{"line":72,"column":0},"end":{"line":72,"column":0}},"72":{"start":{"line":73,"column":0},"end":{"line":73,"column":17}},"73":{"start":{"line":74,"column":0},"end":{"line":74,"column":58}},"74":{"start":{"line":75,"column":0},"end":{"line":75,"column":75}},"75":{"start":{"line":76,"column":0},"end":{"line":76,"column":13}},"76":{"start":{"line":77,"column":0},"end":{"line":77,"column":36}},"77":{"start":{"line":78,"column":0},"end":{"line":78,"column":0}},"78":{"start":{"line":79,"column":0},"end":{"line":79,"column":7}},"79":{"start":{"line":80,"column":0},"end":{"line":80,"column":57}},"80":{"start":{"line":81,"column":0},"end":{"line":81,"column":63}},"81":{"start":{"line":82,"column":0},"end":{"line":82,"column":36}},"82":{"start":{"line":83,"column":0},"end":{"line":83,"column":22}},"83":{"start":{"line":84,"column":0},"end":{"line":84,"column":11}},"84":{"start":{"line":85,"column":0},"end":{"line":85,"column":30}},"85":{"start":{"line":86,"column":0},"end":{"line":86,"column":20}},"86":{"start":{"line":87,"column":0},"end":{"line":87,"column":22}},"87":{"start":{"line":88,"column":0},"end":{"line":88,"column":3}},"88":{"start":{"line":89,"column":0},"end":{"line":89,"column":1}},"89":{"start":{"line":90,"column":0},"end":{"line":90,"column":0}},"90":{"start":{"line":91,"column":0},"end":{"line":91,"column":20}},"91":{"start":{"line":92,"column":0},"end":{"line":92,"column":39}},"92":{"start":{"line":93,"column":0},"end":{"line":93,"column":62}},"93":{"start":{"line":94,"column":0},"end":{"line":94,"column":56}},"94":{"start":{"line":95,"column":0},"end":{"line":95,"column":50}},"95":{"start":{"line":96,"column":0},"end":{"line":96,"column":50}},"96":{"start":{"line":97,"column":0},"end":{"line":97,"column":12}},"97":{"start":{"line":98,"column":0},"end":{"line":98,"column":21}},"98":{"start":{"line":99,"column":0},"end":{"line":99,"column":1}},"99":{"start":{"line":100,"column":0},"end":{"line":100,"column":0}},"100":{"start":{"line":101,"column":0},"end":{"line":101,"column":20}},"101":{"start":{"line":102,"column":0},"end":{"line":102,"column":88}},"102":{"start":{"line":103,"column":0},"end":{"line":103,"column":34}},"103":{"start":{"line":104,"column":0},"end":{"line":104,"column":60}},"104":{"start":{"line":105,"column":0},"end":{"line":105,"column":1}},"105":{"start":{"line":106,"column":0},"end":{"line":106,"column":0}},"106":{"start":{"line":107,"column":0},"end":{"line":107,"column":15}},"107":{"start":{"line":108,"column":0},"end":{"line":108,"column":76}},"108":{"start":{"line":109,"column":0},"end":{"line":109,"column":34}},"109":{"start":{"line":110,"column":0},"end":{"line":110,"column":48}},"110":{"start":{"line":111,"column":0},"end":{"line":111,"column":1}},"111":{"start":{"line":112,"column":0},"end":{"line":112,"column":0}},"112":{"start":{"line":113,"column":0},"end":{"line":113,"column":22}},"113":{"start":{"line":114,"column":0},"end":{"line":114,"column":58}},"114":{"start":{"line":115,"column":0},"end":{"line":115,"column":21}},"115":{"start":{"line":116,"column":0},"end":{"line":116,"column":1}},"116":{"start":{"line":117,"column":0},"end":{"line":117,"column":0}},"117":{"start":{"line":118,"column":0},"end":{"line":118,"column":8}},"118":{"start":{"line":119,"column":0},"end":{"line":119,"column":42}},"119":{"start":{"line":120,"column":0},"end":{"line":120,"column":19}},"120":{"start":{"line":121,"column":0},"end":{"line":121,"column":19}},"121":{"start":{"line":122,"column":0},"end":{"line":122,"column":17}},"122":{"start":{"line":123,"column":0},"end":{"line":123,"column":25}},"123":{"start":{"line":124,"column":0},"end":{"line":124,"column":34}},"124":{"start":{"line":125,"column":0},"end":{"line":125,"column":13}},"125":{"start":{"line":126,"column":0},"end":{"line":126,"column":58}},"126":{"start":{"line":127,"column":0},"end":{"line":127,"column":50}},"127":{"start":{"line":128,"column":0},"end":{"line":128,"column":3}},"128":{"start":{"line":129,"column":0},"end":{"line":129,"column":39}},"129":{"start":{"line":130,"column":0},"end":{"line":130,"column":30}},"130":{"start":{"line":131,"column":0},"end":{"line":131,"column":77}},"131":{"start":{"line":132,"column":0},"end":{"line":132,"column":31}},"132":{"start":{"line":133,"column":0},"end":{"line":133,"column":28}},"133":{"start":{"line":134,"column":0},"end":{"line":134,"column":30}},"134":{"start":{"line":135,"column":0},"end":{"line":135,"column":17}},"135":{"start":{"line":136,"column":0},"end":{"line":136,"column":9}},"136":{"start":{"line":137,"column":0},"end":{"line":137,"column":22}},"137":{"start":{"line":138,"column":0},"end":{"line":138,"column":18}},"138":{"start":{"line":139,"column":0},"end":{"line":139,"column":19}},"139":{"start":{"line":140,"column":0},"end":{"line":140,"column":19}},"140":{"start":{"line":141,"column":0},"end":{"line":141,"column":4}},"141":{"start":{"line":142,"column":0},"end":{"line":142,"column":22}},"142":{"start":{"line":143,"column":0},"end":{"line":143,"column":25}},"143":{"start":{"line":144,"column":0},"end":{"line":144,"column":17}},"144":{"start":{"line":145,"column":0},"end":{"line":145,"column":1}},"145":{"start":{"line":146,"column":0},"end":{"line":146,"column":0}},"146":{"start":{"line":147,"column":0},"end":{"line":147,"column":20}},"147":{"start":{"line":148,"column":0},"end":{"line":148,"column":33}},"148":{"start":{"line":149,"column":0},"end":{"line":149,"column":13}},"149":{"start":{"line":150,"column":0},"end":{"line":150,"column":12}},"150":{"start":{"line":151,"column":0},"end":{"line":151,"column":22}},"151":{"start":{"line":152,"column":0},"end":{"line":152,"column":22}},"152":{"start":{"line":153,"column":0},"end":{"line":153,"column":20}},"153":{"start":{"line":154,"column":0},"end":{"line":154,"column":22}},"154":{"start":{"line":155,"column":0},"end":{"line":155,"column":4}},"155":{"start":{"line":156,"column":0},"end":{"line":156,"column":24}},"156":{"start":{"line":157,"column":0},"end":{"line":157,"column":34}},"157":{"start":{"line":158,"column":0},"end":{"line":158,"column":46}},"158":{"start":{"line":159,"column":0},"end":{"line":159,"column":45}},"159":{"start":{"line":160,"column":0},"end":{"line":160,"column":0}},"160":{"start":{"line":161,"column":0},"end":{"line":161,"column":23}},"161":{"start":{"line":162,"column":0},"end":{"line":162,"column":63}},"162":{"start":{"line":163,"column":0},"end":{"line":163,"column":61}},"163":{"start":{"line":164,"column":0},"end":{"line":164,"column":53}},"164":{"start":{"line":165,"column":0},"end":{"line":165,"column":5}},"165":{"start":{"line":166,"column":0},"end":{"line":166,"column":37}},"166":{"start":{"line":167,"column":0},"end":{"line":167,"column":3}},"167":{"start":{"line":168,"column":0},"end":{"line":168,"column":0}},"168":{"start":{"line":169,"column":0},"end":{"line":169,"column":18}},"169":{"start":{"line":170,"column":0},"end":{"line":170,"column":25}},"170":{"start":{"line":171,"column":0},"end":{"line":171,"column":31}},"171":{"start":{"line":172,"column":0},"end":{"line":172,"column":84}},"172":{"start":{"line":173,"column":0},"end":{"line":173,"column":3}},"173":{"start":{"line":174,"column":0},"end":{"line":174,"column":0}},"174":{"start":{"line":175,"column":0},"end":{"line":175,"column":45}},"175":{"start":{"line":176,"column":0},"end":{"line":176,"column":68}},"176":{"start":{"line":177,"column":0},"end":{"line":177,"column":0}},"177":{"start":{"line":178,"column":0},"end":{"line":178,"column":44}},"178":{"start":{"line":179,"column":0},"end":{"line":179,"column":25}},"179":{"start":{"line":180,"column":0},"end":{"line":180,"column":14}},"180":{"start":{"line":181,"column":0},"end":{"line":181,"column":1}},"181":{"start":{"line":182,"column":0},"end":{"line":182,"column":0}},"182":{"start":{"line":183,"column":0},"end":{"line":183,"column":7}},"183":{"start":{"line":184,"column":0},"end":{"line":184,"column":33}},"184":{"start":{"line":185,"column":0},"end":{"line":185,"column":61}},"185":{"start":{"line":186,"column":0},"end":{"line":186,"column":34}},"186":{"start":{"line":187,"column":0},"end":{"line":187,"column":46}},"187":{"start":{"line":188,"column":0},"end":{"line":188,"column":45}},"188":{"start":{"line":189,"column":0},"end":{"line":189,"column":0}},"189":{"start":{"line":190,"column":0},"end":{"line":190,"column":30}},"190":{"start":{"line":191,"column":0},"end":{"line":191,"column":70}},"191":{"start":{"line":192,"column":0},"end":{"line":192,"column":26}},"192":{"start":{"line":193,"column":0},"end":{"line":193,"column":44}},"193":{"start":{"line":194,"column":0},"end":{"line":194,"column":5}},"194":{"start":{"line":195,"column":0},"end":{"line":195,"column":3}},"195":{"start":{"line":196,"column":0},"end":{"line":196,"column":0}},"196":{"start":{"line":197,"column":0},"end":{"line":197,"column":52}},"197":{"start":{"line":198,"column":0},"end":{"line":198,"column":28}},"198":{"start":{"line":199,"column":0},"end":{"line":199,"column":1}},"199":{"start":{"line":200,"column":0},"end":{"line":200,"column":0}},"200":{"start":{"line":201,"column":0},"end":{"line":201,"column":11}},"201":{"start":{"line":202,"column":0},"end":{"line":202,"column":66}},"202":{"start":{"line":203,"column":0},"end":{"line":203,"column":34}},"203":{"start":{"line":204,"column":0},"end":{"line":204,"column":46}},"204":{"start":{"line":205,"column":0},"end":{"line":205,"column":20}},"205":{"start":{"line":206,"column":0},"end":{"line":206,"column":46}},"206":{"start":{"line":207,"column":0},"end":{"line":207,"column":25}},"207":{"start":{"line":208,"column":0},"end":{"line":208,"column":1}},"208":{"start":{"line":209,"column":0},"end":{"line":209,"column":0}},"209":{"start":{"line":210,"column":0},"end":{"line":210,"column":14}},"210":{"start":{"line":211,"column":0},"end":{"line":211,"column":40}},"211":{"start":{"line":212,"column":0},"end":{"line":212,"column":20}},"212":{"start":{"line":213,"column":0},"end":{"line":213,"column":23}},"213":{"start":{"line":214,"column":0},"end":{"line":214,"column":28}},"214":{"start":{"line":215,"column":0},"end":{"line":215,"column":1}}},"s":{"0":1,"1":1,"2":1,"3":1,"4":1,"5":1,"6":1,"7":1,"8":1,"9":1,"10":1,"11":1,"12":1,"13":1,"14":1,"15":1,"16":1,"17":1,"18":1,"19":1,"20":1,"21":1,"22":1,"23":1,"24":1,"25":1,"26":60,"27":60,"28":60,"29":60,"30":60,"31":60,"32":60,"33":60,"34":0,"35":0,"36":60,"37":60,"38":60,"39":59,"40":59,"41":59,"42":59,"43":59,"44":59,"45":59,"46":60,"47":1,"48":1,"49":60,"50":1,"51":1,"52":59,"53":59,"54":59,"55":59,"56":177,"57":177,"58":177,"59":177,"60":177,"61":177,"62":177,"63":177,"64":177,"65":177,"66":177,"67":177,"68":59,"69":59,"70":59,"71":1,"72":1,"73":61,"74":61,"75":61,"76":61,"77":0,"78":0,"79":0,"80":0,"81":0,"82":61,"83":61,"84":0,"85":0,"86":0,"87":0,"88":61,"89":1,"90":1,"91":1,"92":74,"93":74,"94":74,"95":74,"96":74,"97":74,"98":74,"99":1,"100":1,"101":24,"102":24,"103":24,"104":24,"105":1,"106":1,"107":5,"108":5,"109":5,"110":5,"111":1,"112":1,"113":1,"114":1,"115":1,"116":1,"117":1,"118":7,"119":7,"120":7,"121":7,"122":7,"123":7,"124":7,"125":
[...]
{"start":{"line":22,"column":0},"end":{"line":22,"column":19}},"22":{"start":{"line":23,"column":0},"end":{"line":23,"column":9}},"23":{"start":{"line":24,"column":0},"end":{"line":24,"column":24}},"24":{"start":{"line":25,"column":0},"end":{"line":25,"column":17}},"25":{"start":{"line":26,"column":0},"end":{"line":26,"column":31}},"26":{"start":{"line":27,"column":0},"end":{"line":27,"column":17}},"27":{"start":{"line":28,"column":0},"end":{"line":28,"column":24}},"28":{"start":{"line":29,"column":0},"end":{"line":29,"column":1}},"29":{"start":{"line":30,"column":0},"end":{"line":30,"column":0}},"30":{"start":{"line":31,"column":0},"end":{"line":31,"column":19}},"31":{"start":{"line":32,"column":0},"end":{"line":32,"column":41}},"32":{"start":{"line":33,"column":0},"end":{"line":33,"column":45}},"33":{"start":{"line":34,"column":0},"end":{"line":34,"column":30}},"34":{"start":{"line":35,"column":0},"end":{"line":35,"column":20}},"35":{"start":{"line":36,"column":0},"end":{"line":36,"column":12}},"36":{"start":{"line":37,"column":0},"end":{"line":37,"column":2}},"37":{"start":{"line":38,"column":0},"end":{"line":38,"column":0}},"38":{"start":{"line":39,"column":0},"end":{"line":39,"column":11}},"39":{"start":{"line":40,"column":0},"end":{"line":40,"column":70}},"40":{"start":{"line":41,"column":0},"end":{"line":41,"column":95}},"41":{"start":{"line":42,"column":0},"end":{"line":42,"column":32}},"42":{"start":{"line":43,"column":0},"end":{"line":43,"column":24}},"43":{"start":{"line":44,"column":0},"end":{"line":44,"column":38}},"44":{"start":{"line":45,"column":0},"end":{"line":45,"column":45}},"45":{"start":{"line":46,"column":0},"end":{"line":46,"column":11}},"46":{"start":{"line":47,"column":0},"end":{"line":47,"column":3}},"47":{"start":{"line":48,"column":0},"end":{"line":48,"column":0}},"48":{"start":{"line":49,"column":0},"end":{"line":49,"column":28}},"49":{"start":{"line":50,"column":0},"end":{"line":50,"column":43}},"50":{"start":{"line":51,"column":0},"end":{"line":51,"column":0}},"51":{"start":{"line":52,"column":0},"end":{"line":52,"column":44}},"52":{"start":{"line":53,"column":0},"end":{"line":53,"column":61}},"53":{"start":{"line":54,"column":0},"end":{"line":54,"column":85}},"54":{"start":{"line":55,"column":0},"end":{"line":55,"column":18}},"55":{"start":{"line":56,"column":0},"end":{"line":56,"column":62}},"56":{"start":{"line":57,"column":0},"end":{"line":57,"column":0}},"57":{"start":{"line":58,"column":0},"end":{"line":58,"column":28}},"58":{"start":{"line":59,"column":0},"end":{"line":59,"column":40}},"59":{"start":{"line":60,"column":0},"end":{"line":60,"column":17}},"60":{"start":{"line":61,"column":0},"end":{"line":61,"column":34}},"61":{"start":{"line":62,"column":0},"end":{"line":62,"column":52}},"62":{"start":{"line":63,"column":0},"end":{"line":63,"column":13}},"63":{"start":{"line":64,"column":0},"end":{"line":64,"column":5}},"64":{"start":{"line":65,"column":0},"end":{"line":65,"column":0}},"65":{"start":{"line":66,"column":0},"end":{"line":66,"column":18}},"66":{"start":{"line":67,"column":0},"end":{"line":67,"column":65}},"67":{"start":{"line":68,"column":0},"end":{"line":68,"column":19}},"68":{"start":{"line":69,"column":0},"end":{"line":69,"column":59}},"69":{"start":{"line":70,"column":0},"end":{"line":70,"column":13}},"70":{"start":{"line":71,"column":0},"end":{"line":71,"column":5}},"71":{"start":{"line":72,"column":0},"end":{"line":72,"column":0}},"72":{"start":{"line":73,"column":0},"end":{"line":73,"column":16}},"73":{"start":{"line":74,"column":0},"end":{"line":74,"column":34}},"74":{"start":{"line":75,"column":0},"end":{"line":75,"column":5}},"75":{"start":{"line":76,"column":0},"end":{"line":76,"column":1}},"76":{"start":{"line":77,"column":0},"end":{"line":77,"column":0}},"77":{"start":{"line":78,"column":0},"end":{"line":78,"column":12}},"78":{"start":{"line":79,"column":0},"end":{"line":79,"column":68}},"79":{"start":{"line":80,"column":0},"end":{"line":80,"column":28}},"80":{"start":{"line":81,"column":0},"end":{"line":81,"column":37}},"81":{"start":{"line":82,"column":0},"end":{"line":82,"column":81}},"82":{"start":{"line":83,"column":0},"end":{"line":83,"column":1}},"83":{"start":{"line":84,"column":0},"end":{"line":84,"column":0}},"84":{"start":{"line":85,"column":0},"end":{"line":85,"column":15}},"85":{"start":{"line":86,"column":0},"end":{"line":86,"column":10}},"86":{"start":{"line":87,"column":0},"end":{"line":87,"column":37}},"87":{"start":{"line":88,"column":0},"end":{"line":88,"column":48}},"88":{"start":{"line":89,"column":0},"end":{"line":89,"column":70}},"89":{"start":{"line":90,"column":0},"end":{"line":90,"column":29}},"90":{"start":{"line":91,"column":0},"end":{"line":91,"column":51}},"91":{"start":{"line":92,"column":0},"end":{"line":92,"column":55}},"92":{"start":{"line":93,"column":0},"end":{"line":93,"column":38}},"93":{"start":{"line":94,"column":0},"end":{"line":94,"column":3}},"94":{"start":{"line":95,"column":0},"end":{"line":95,"column":24}},"95":{"start":{"line":96,"column":0},"end":{"line":96,"column":40}},"96":{"start":{"line":97,"column":0},"end":{"line":97,"column":15}},"97":{"start":{"line":98,"column":0},"end":{"line":98,"column":60}},"98":{"start":{"line":99,"column":0},"end":{"line":99,"column":38}},"99":{"start":{"line":100,"column":0},"end":{"line":100,"column":3}},"100":{"start":{"line":101,"column":0},"end":{"line":101,"column":14}},"101":{"start":{"line":102,"column":0},"end":{"line":102,"column":1}},"102":{"start":{"line":103,"column":0},"end":{"line":103,"column":0}},"103":{"start":{"line":104,"column":0},"end":{"line":104,"column":18}},"104":{"start":{"line":105,"column":0},"end":{"line":105,"column":63}},"105":{"start":{"line":106,"column":0},"end":{"line":106,"column":63}},"106":{"start":{"line":107,"column":0},"end":{"line":107,"column":96}},"107":{"start":{"line":108,"column":0},"end":{"line":108,"column":29}},"108":{"start":{"line":109,"column":0},"end":{"line":109,"column":71}},"109":{"start":{"line":110,"column":0},"end":{"line":110,"column":3}},"110":{"start":{"line":111,"column":0},"end":{"line":111,"column":1}},"111":{"start":{"line":112,"column":0},"end":{"line":112,"column":0}},"112":{"start":{"line":113,"column":0},"end":{"line":113,"column":21}},"113":{"start":{"line":114,"column":0},"end":{"line":114,"column":41}},"114":{"start":{"line":115,"column":0},"end":{"line":115,"column":35}},"115":{"start":{"line":116,"column":0},"end":{"line":116,"column":93}},"116":{"start":{"line":117,"column":0},"end":{"line":117,"column":81}},"117":{"start":{"line":118,"column":0},"end":{"line":118,"column":15}},"118":{"start":{"line":119,"column":0},"end":{"line":119,"column":31}},"119":{"start":{"line":120,"column":0},"end":{"line":120,"column":26}},"120":{"start":{"line":121,"column":0},"end":{"line":121,"column":20}},"121":{"start":{"line":122,"column":0},"end":{"line":122,"column":26}},"122":{"start":{"line":123,"column":0},"end":{"line":123,"column":23}},"123":{"start":{"line":124,"column":0},"end":{"line":124,"column":25}},"124":{"start":{"line":125,"column":0},"end":{"line":125,"column":38}},"125":{"start":{"line":126,"column":0},"end":{"line":126,"column":55}},"126":{"start":{"line":127,"column":0},"end":{"line":127,"column":25}},"127":{"start":{"line":128,"column":0},"end":{"line":128,"column":25}},"128":{"start":{"line":129,"column":0},"end":{"line":129,"column":32}},"129":{"start":{"line":130,"column":0},"end":{"line":130,"column":11}},"130":{"start":{"line":131,"column":0},"end":{"line":131,"column":8}},"131":{"start":{"line":132,"column":0},"end":{"line":132,"column":73}},"132":{"start":{"line":133,"column":0},"end":{"line":133,"column":13}},"133":{"start":{"line":134,"column":0},"end":{"line":134,"column":5}},"134":{"start":{"line":135,"column":0},"end":{"line":135,"column":0}},"135":{"start":{"line":136,"column":0},"end":{"line":136,"column":19}},"136":{"start":{"line":137,"column":0},"end":{"line":137,"column":96}},"137":{"start":{"line":138,"column":0},"end":{"line":138,"column":19}},"138":{"start":{"line":139,"column":0},"end":{"line":139,"column":20}},"139":{"start":{"line":140,"column":0},"end":{"line":140,"column":20}},"140":{"start":{"line":141,"column":0},"end":{"line":141,"column":26}},"141":{"start":{"line":142,"column":0},"end":{"line":142,"column":45}},"142":{"start":{"line":143,"column":0},"end":{"line":143,"column":49}},"143":{"start":{"line":144,"column":0},"end":{"line":144,"column":38}},"144":{"start":{"line":145,"column":0},"end":{"line":145,"column":55}},"145":{"start":{"line":146,"column":0},"end":{"line":146,"column":25}},"146":{"start":{"line":147,"column":0},"end":{"line":147,"column":25}},"147":{"start":{"line":148,"column":0},"end":{"line":148,"column":72}},"148":{"start":{"line":149,"column":0},"end":{"line":149,"column":11}},"149":{"start":{"line":150,"column":0},"end":{"line":150,"column":8}},"150":{"start":{"line":151,"column":0},"end":{"line":151,"column":87}},"151":{"start":{"line":152,"column":0},"end":{"line":152,"column":13}},"152":{"start":{"line":153,"column":0},"end":{"line":153,"column":5}},"153":{"start":{"line":154,"column":0},"end":{"line":154,"column":4}},"154":{"start":{"line":155,"column":0},"end":{"line":155,"column":1}},"155":{"start":{"line":156,"column":0},"end":{"line":156,"column":0}},"156":{"start":{"line":157,"column":0},"end":{"line":157,"column":18}},"157":{"start":{"line":158,"column":0},"end":{"line":158,"column":36}},"158":{"start":{"line":159,"column":0},"end":{"line":159,"column":60}},"159":{"start":{"line":160,"column":0},"end":{"line":160,"column":58}},"160":{"start":{"line":161,"column":0},"end":{"line":161,"column":1}},"161":{"start":{"line":162,"column":0},"end":{"line":162,"column":0}},"162":{"start":{"line":163,"column":0},"end":{"line":163,"column":22}},"163":{"start":{"line":164,"column":0},"end":{"line":164,"column":31}},"164":{"start":{"line":165,"column":0},"end":{"line":165,"column":26}},"165":{"start":{"line":166,"column":0},"end":{"line":166,"column":22}},"166":{"start":{"line":167,"column":0},"end":{"line":167,"column":19}},"167":{"start":{"line":168,"column":0},"end":{"line":168,"column":29}},"168":{"start":{"line":169,"column":0},"end":{"line":169,"column":19}},"169":{"start":{"line":170,"column":0},"end":{"line":170,"column":10}},"170":{"start":{"line":171,"column":0},"end":{"line":171,"column":64}},"171":{"start":{"line":172,"column":0},"end":{"line":172,"column":16}},"172":{"start":{"line":173,"column":0},"end":{"line":173,"column":22}},"173":{"start":{"line":174,"column":0},"end":{"line":174,"column":50}},"174":{"start":{"line":175,"column":0},"end":{"line":175,"column":54}},"175":{"start":{"line":176,"column":0},"end":{"line":176,"column":13}},"176":{"start":{"line":177,"column":0},"end":{"line":177,"column":15}},"177":{"start":{"line":178,"column":0},"end":{"line":178,"column":21}},"178":{"start":{"line":179,"column":0},"end":{"line":179,"column":13}},"179":{"start":{"line":180,"column":0},"end":{"line":180,"column":14}},"180":{"start":{"line":181,"column":0},"end":{"line":181,"column":7}},"181":{"start":{"line":182,"column":0},"end":{"line":182,"column":4}},"182":{"start":{"line":183,"column":0},"end":{"line":183,"column":1}}},"s":{"0":1,"1":1,"2":1,"3":1,"4":1,"5":1,"6":1,"7":1,"8":1,"9":1,"10":1,"11":1,"12":1,"13":1,"14":1,"15":1,"16":1,"17":1,"18":1,"19":1,"20":1,"21":1,"22":1,"23":1,"24":1,"25":1,"26":1,"27":1,"28":1,"29":1,"30":1,"31":1,"32":1,"33":1,"34":1,"35":1,"36":1,"37":1,"38":1,"39":1,"40":1,"41":7,"42":7,"43":1,"44":1,"45":1,"46":1,"47":6,"48":6,"49":6,"50":6,"51":6,"52":6,"53":6,"54":5,"55":5,"56":3,"57":3,"58":3,"59":5,"60":1,"61":1,"62":1,"63":1,"64":2,"65":2,"66":2,"67":5,"68":1,"69":1,"70":1,"71":1,"72":1,"73":1,"74":6,"75":6,"76":1,"77":1,"78":5,"79":5,"80":5,"81":5,"82":5,"83":1,"84":1,"85":1,"86":1,"87":1,"88":1,"89":9,"90":9,"91":9,"92":5,"93":5,"94":4,"95":4,"96":9,"97":2,"98":2,"99":2,"100":3,"101":3,"102":1,"103":1,"104":1,"105":1,"106":2,"107":2,"108":1,"109":1,"110":2,"111":1,"112":1,"113":1,"114":1,"115":1,"116":16,"117":16,"118":16,"119":2,"120":2,"121":2,"122":2,"123":2,"124":2,"125":2,"126":2,"127":2,"128":2,"129":2,"130":2,"131":2,"132":2,"133":2,"134":14,"135":14,"136":14,"137":16,"138":7,"139":7,"140":7,"141":7,"142":7,"143":7,"144":7,"145":7,"146":7,"147":7,"148":7,"149":7,"150":7,"151":7,"152":7,"153":16,"154":16,"155":1,"156":1,"157":1,"158":1,"159":2,"160":2,"161":1,"162":1,"163":1,"164":2,"165":2,"166":2,"167":2,"168":2,"169":2,"170":2,"171":2,"172":2,"173":2,"174":2,"175":2,"176":2,"177":2,"178":2,"179":2,"180":2,"181":2,"182":2},"branchMap":{"0":{"type":"branch","line":41,"loc":{"start":{"line":41,"column":7},"end":{"line":76,"column":1}},"locations":[{"start":{"line":41,"column":7},"end":{"line":76,"column":1}}]},"1":{"type":"branch","line":43,"loc":{"start":{"line":43,"column":23},"end":{"line":47,"column":3}},"locations":[{"start":{"line":43,"column":23},"end":{"line":47,"column":3}}]},"2":{"type":"branch","line":47,"loc":{"start":{"line":47,"column":2},"end":{"line":76,"column":1}},"locations":[{"start":{"line":47,"column":2},"end":{"line":76,"column":1}}]},"3":{"type":"branch","line":54,"loc":{"start":{"line":54,"column":28},"end":{"line":75,"column":3}},"locations":[{"start":{"line":54,"column":28},"end":{"line":75,"column":3}}]},"4":{"type":"branch","line":56,"loc":{"start":{"line":56,"column":55},"end":{"line":56,"column":62}},"locations":[{"start":{"line":56,"column":55},"end":{"line":56,"column":62}}]},"5":{"type":"branch","line":56,"loc":{"start":{"line":56,"column":55},"end":{"line":60,"column":16}},"locations":[{"start":{"line":56,"column":55},"end":{"line":60,"column":16}}]},"6":{"type":"branch","line":60,"loc":{"start":{"line":60,"column":16},"end":{"line":64,"column":5}},"locations":[{"start":{"line":60,"column":16},"end":{"line":64,"column":5}}]},"7":{"type":"branch","line":64,"loc":{"start":{"line":64,"column":4},"end":{"line":68,"column":18}},"locations":[{"start":{"line":64,"column":4},"end":{"line":68,"column":18}}]},"8":{"type":"branch","line":68,"loc":{"start":{"line":68,"column":18},"end":{"line":74,"column":34}},"locations":[{"start":{"line":68,"column":18},"end":{"line":74,"column":34}}]},"9":{"type":"branch","line":79,"loc":{"start":{"line":79,"column":0},"end":{"line":83,"column":1}},"locations":[{"start":{"line":79,"column":0},"end":{"line":83,"column":1}}]},"10":{"type":"branch","line":82,"loc":{"start":{"line":82,"column":26},"end":{"line":82,"column":79}},"locations":[{"start":{"line":82,"column":26},"end":{"line":82,"column":79}}]},"11":{"type":"branch","line":82,"loc":{"start":{"line":82,"column":46},"end":{"line":82,"column":79}},"locations":[{"start":{"line":82,"column":46},"end":{"line":82,"column":79}}]},"12":{"type":"branch","line":89,"loc":{"start":{"line":89,"column":7},"end":{"line":102,"column":1}},"locations":[{"start":{"line":89,"column":7},"end":{"line":102,"column":1}}]},"13":{"type":"branch","line":92,"loc":{"start":{"line":92,"column":6},"end":{"line":92,"column":54}},"locations":[{"start":{"line":92,"column":6},"end":{"line":92,"column":54}}]},"14":{"type":"branch","line":92,"loc":{"start":{"line":92,"column":54},"end":{"line":94,"column":3}},"locations":[{"start":{"line":92,"column":54},"end":{"line":94,"column":3}}]},"15":{"type":"branch","line":94,"loc":{"start":{"line":94,"column":2},"end":{"line":97,"column":14}},"locations":[{"start":{"line":94,"column":2},"end":{"line":97,"column":14}}]},"16":{"type":"branch","line":97,"loc":{"start":{"line":97,"column":14},"end":{"line":100,"column":3}},"locations":[{"start":{"line":97,"column":14},"end":{"line":100,"column":3}}]},"17":{"type":"branch","line":99,"loc":{"start":{"line":99,"column":15},"end":{"line":99,"column":38}},"locations":[{"start":{"line":99,"column":15},"end":{"line":99,"column":38}}]},"18":{"type":"branch","line":100,"loc":{"start":{"line":100,"column":2},"end":{"line":102,"column":1}},"locations":[{"start":{"line":100,"column":2},"end":{"line":102,"column":1}}]},"19":{"type":"branch","line":107,"loc":{"start":{"line":107,"column":0},"end":{"line":111,"column":1}},"locations":[{"start":{"line":107,"column":0},"end":{"line":111,"column":1}}]},"20":{"type":"branch","line":108,"loc":{"start":{"line":108,"column":28},"end":{"line":110,"column":3}},"locations":[{"start":{"line":108,"column":28},"end":{"line":110,"column":3}}]},"21":{"type":"branch","line":116,"loc":{"start":{"line":116,"column":7},"end":{"line":155,"column":1}},"locations":[{"start":{"line":116,"column":7},"end":{"line":155,"column":1}}]},"22":{"type":"branch","line":117,"loc":{"start":{"line":117,"column":9},"end":{"line":154,"column":4}},"locations":[{"start":{"line":117,"column":9},"end":{"line":154,"column":4}}]},"23":{"type":"branch","line":119,"loc":{"start":{"line":119,"column":30},"end":{"line":134,"column":5}},"locations":[{"start":{"line":119,"column":30},"end":{"line":134,"column":5}}]},"24":{"type":"branch","line":134,"loc":{"start":{"line":134,"column":4},"end":{"line":138,"column":18}},"locations":[{"start":{"line":134,"column":4},"end":{"line":138,"column":18}}]},"25":{"type":"branch","line":138,"loc":{"start":{"line":138,"column":18},"end":{"line":153,"column":5}},"locations":[{"start":{"line":138,"column":18},"end":{"line":153,"column":5}}]},"26":{"type":"branch","line":159,"loc":{"start":{"line":159,"column":7},"end":{"line":161,"column":1}},"locations":[{"start":{"line":159,"column":7},"end":{"line":161,"column":1}}]},"27":{"type":"branch","line":164,"loc":{"start":{"line":164,"column":7},"end":{"line":183,"column":1}},"locations":[{"start":{"line":164,"column":7},"end":{"line":183,"column":1}}]},"28":{"type":"branch","line":174,"loc":{"start":{"line":174,"column":22},"end":{"line":174,"column":45}},"locations":[{"start":{"line":174,"column":22},"end":{"line":174,"column":45}}]},"29":{"type":"branch","line":174,"loc":{"start":{"line":174,"column":35},"end":{"line":174,"column":50}},"locations":[{"start":{"line":174,"column":35},"end":{"line":174,"column":50}}]},"30":{"type":"branch","line":175,"loc":{"start":{"line":175,"column":24},"end":{"line":175,"column":49}},"locations":[{"start":{"line":175,"column":24},"end":{"line":175,"column":49}}]},"31":{"type":"branch","line":175,"loc":{"start":{"line":175,"column":37},"end":{"line":175,"column":54}},"locations":[{"start":{"line":175,"column":37},"end":{"line":175,"column":54}}]}},"b":{"0":[7],"1":[1],"2":[6],"3":[5],"4":[2],"5":[3],"6":[1],"7":[2],"8":[1],"9":[5],"10":[3],"11":[2],"12":[9],"13":[5],"14":[5],"15":[4],"16":[2],"17":[1],"18":[3],"19":[2],"20":[1],"21":[16],"22":[16],"23":[2],"24":[14],"25":[7],"26":[2],"27":[2],"28":[1],"29":[1],"30":[1],"31":[1]},"fnMap":{"0":{"name":"setupAuthMiddleware","decl":{"start":{"line":41,"column":7},"end":{"line":76,"column":1}},"loc":{"start":{"line":41,"column":7},"end":{"line":76,"column":1}},"line":41},"1":{"name":"isPublicPath","decl":{"start":{"line":79,"column":0},"end":{"line":83,"column":1}},"loc":{"start":{"line":79,"column":0},"end":{"line":83,"column":1}},"line":79},"2":{"name":"extractToken","decl":{"start":{"line":89,"column":7},"end":{"line":102,"column":1}},"loc":{"start":{"line":89,"column":7},"end":{"line":102,"column":1}},"line":89},"3":{"name":"requireAuth","decl":{"start":{"line":107,"column":0},"end":{"line":111,"column":1}},"loc":{"start":{"line":107,"column":0},"end":{"line":111,"column":1}},"line":107},"4":{"name":"requirePermission","decl":{"start":{"line":116,"column":7},"end":{"line":155,"column":1}},"loc":{"start":{"line":116,"column":7},"end":{"line":155,"column":1}},"line":116},"5":{"name":"requireAdmin","decl":{"start":{"line":159,"column":7},"end":{"line":161,"column":1}},"loc":{"start":{"line":159,"column":7},"end":{"line":161,"column":1}},"line":159},"6":{"name":"audit","decl":{"start":{"line":164,"column":7},"end":{"line":183,"column":1}},"loc":{"start":{"line":164,"column":7},"end":{"line":183,"column":1}},"line":164}},"f":{"0":7,"1":5,"2":9,"3":2,"4":16,"5":2,"6":2}}
}
